
|--------------------------------------------|
|                  Cyclus                    |
|       a nuclear fuel cycle simulator       |
|  from the University of Wisconsin-Madison  |
|--------------------------------------------|

 INFO2(core  ):  Model ID=6, name=natl_u_market has registered to receive 'resolves'.
 INFO2(core  ):  Model ID=8, name=waste_market has registered to receive 'resolves'.
 INFO2(core  ):  Model ID=7, name=enr_u_market has registered to receive 'resolves'.
 INFO2(core  ):  Model ID=9, name=SingleRegion has registered to receive 'ticks' and 'tocks'.
 INFO1(core  ):There are 2 models.
 INFO1(core  ):Simulation set to run from start=2007-Nov-01 to end=2099-Nov-30
 INFO1(core  ):Beginning simulation
 INFO2(core  ):  Current date: 2007-Nov-01 Current time: 0 {
 INFO2(core  ):  }
 INFO2(core  ):  Current date: 2007-Dec-01 Current time: 1 {
 INFO2(core  ):  }
 INFO2(core  ):  Current date: 2008-Jan-01 Current time: 2 {
 INFO2(core  ):  }
 INFO2(core  ):  Current date: 2008-Feb-01 Current time: 3 {
 INFO2(core  ):  }
 INFO2(core  ):  Current date: 2008-Mar-01 Current time: 4 {
 INFO2(core  ):  }
 INFO2(core  ):  Current date: 2008-Apr-01 Current time: 5 {
 INFO2(core  ):  }
 INFO2(core  ):  Current date: 2008-May-01 Current time: 6 {
 INFO2(core  ):  }
 INFO2(core  ):  Current date: 2008-Jun-01 Current time: 7 {
 INFO2(core  ):  }
 INFO2(core  ):  Current date: 2008-Jul-01 Current time: 8 {
 INFO2(core  ):  }
 INFO2(core  ):  Current date: 2008-Aug-01 Current time: 9 {
 INFO2(core  ):  }
 INFO2(core  ):  Current date: 2008-Sep-01 Current time: 10 {
 INFO2(core  ):  }
 INFO2(core  ):  Current date: 2008-Oct-01 Current time: 11 {
 INFO2(core  ):  }
 INFO2(core  ):  Current date: 2008-Nov-01 Current time: 12 {
 INFO2(core  ):  }
 INFO2(core  ):  Current date: 2008-Dec-01 Current time: 13 {
 INFO2(core  ):  }
 INFO2(core  ):  Current date: 2009-Jan-01 Current time: 14 {
 INFO2(core  ):  }
 INFO2(core  ):  Current date: 2009-Feb-01 Current time: 15 {
 INFO2(core  ):  }
 INFO2(core  ):  Current date: 2009-Mar-01 Current time: 16 {
 INFO2(core  ):  }
 INFO2(core  ):  Current date: 2009-Apr-01 Current time: 17 {
 INFO2(core  ):  }
 INFO2(core  ):  Current date: 2009-May-01 Current time: 18 {
 INFO2(core  ):  }
 INFO2(core  ):  Current date: 2009-Jun-01 Current time: 19 {
 INFO2(core  ):  }
 INFO2(core  ):  Current date: 2009-Jul-01 Current time: 20 {
 INFO2(core  ):  }
 INFO2(core  ):  Current date: 2009-Aug-01 Current time: 21 {
 INFO2(core  ):  }
 INFO2(core  ):  Current date: 2009-Sep-01 Current time: 22 {
 INFO2(core  ):  }
 INFO2(core  ):  Current date: 2009-Oct-01 Current time: 23 {
 INFO2(core  ):  }
 INFO2(core  ):  Current date: 2009-Nov-01 Current time: 24 {
 INFO2(core  ):  }
 INFO2(core  ):  Current date: 2009-Dec-01 Current time: 25 {
 INFO2(core  ):  }
 INFO2(core  ):  Current date: 2010-Jan-01 Current time: 26 {
 INFO2(core  ):  }
 INFO2(core  ):  Current date: 2010-Feb-01 Current time: 27 {
 INFO2(core  ):  }
 INFO2(core  ):  Current date: 2010-Mar-01 Current time: 28 {
 INFO2(core  ):  }
 INFO2(core  ):  Current date: 2010-Apr-01 Current time: 29 {
 INFO2(core  ):  }
 INFO2(core  ):  Current date: 2010-May-01 Current time: 30 {
 INFO2(core  ):  }
 INFO2(core  ):  Current date: 2010-Jun-01 Current time: 31 {
 INFO2(core  ):  }
 INFO2(core  ):  Current date: 2010-Jul-01 Current time: 32 {
 INFO2(core  ):  }
 INFO2(core  ):  Current date: 2010-Aug-01 Current time: 33 {
 INFO2(core  ):  }
 INFO2(core  ):  Current date: 2010-Sep-01 Current time: 34 {
 INFO2(core  ):  }
 INFO2(core  ):  Current date: 2010-Oct-01 Current time: 35 {
 INFO2(core  ):  }
 INFO2(core  ):  Current date: 2010-Nov-01 Current time: 36 {
 INFO2(core  ):  }
 INFO2(core  ):  Current date: 2010-Dec-01 Current time: 37 {
 INFO2(core  ):  }
 INFO2(core  ):  Current date: 2011-Jan-01 Current time: 38 {
 INFO2(core  ):  }
 INFO2(core  ):  Current date: 2011-Feb-01 Current time: 39 {
 INFO2(core  ):  }
 INFO2(core  ):  Current date: 2011-Mar-01 Current time: 40 {
 INFO2(core  ):  }
 INFO2(core  ):  Current date: 2011-Apr-01 Current time: 41 {
 INFO2(core  ):  }
 INFO2(core  ):  Current date: 2011-May-01 Current time: 42 {
 INFO2(core  ):  }
 INFO2(core  ):  Current date: 2011-Jun-01 Current time: 43 {
 INFO2(core  ):  }
 INFO2(core  ):  Current date: 2011-Jul-01 Current time: 44 {
 INFO2(core  ):  }
 INFO2(core  ):  Current date: 2011-Aug-01 Current time: 45 {
 INFO2(core  ):  }
 INFO2(core  ):  Current date: 2011-Sep-01 Current time: 46 {
 INFO2(core  ):  }
 INFO2(core  ):  Current date: 2011-Oct-01 Current time: 47 {
 INFO2(core  ):  }
 INFO2(core  ):  Current date: 2011-Nov-01 Current time: 48 {
 INFO2(core  ):  }
 INFO2(core  ):  Current date: 2011-Dec-01 Current time: 49 {
 INFO2(core  ):  }
 INFO2(core  ):  Current date: 2012-Jan-01 Current time: 50 {
 INFO2(core  ):  }
 INFO2(core  ):  Current date: 2012-Feb-01 Current time: 51 {
 INFO2(core  ):  }
 INFO2(core  ):  Current date: 2012-Mar-01 Current time: 52 {
 INFO2(core  ):  }
 INFO2(core  ):  Current date: 2012-Apr-01 Current time: 53 {
 INFO2(core  ):  }
 INFO2(core  ):  Current date: 2012-May-01 Current time: 54 {
 INFO2(core  ):  }
 INFO2(core  ):  Current date: 2012-Jun-01 Current time: 55 {
 INFO2(core  ):  }
 INFO2(core  ):  Current date: 2012-Jul-01 Current time: 56 {
 INFO2(core  ):  }
 INFO2(core  ):  Current date: 2012-Aug-01 Current time: 57 {
 INFO2(core  ):  }
 INFO2(core  ):  Current date: 2012-Sep-01 Current time: 58 {
 INFO2(core  ):  }
 INFO2(core  ):  Current date: 2012-Oct-01 Current time: 59 {
 INFO2(core  ):  }
 INFO2(core  ):  Current date: 2012-Nov-01 Current time: 60 {
 INFO2(core  ):  }
 INFO2(core  ):  Current date: 2012-Dec-01 Current time: 61 {
 INFO2(core  ):  }
 INFO2(core  ):  Current date: 2013-Jan-01 Current time: 62 {
 INFO2(core  ):  }
 INFO2(core  ):  Current date: 2013-Feb-01 Current time: 63 {
 INFO2(core  ):  }
 INFO2(core  ):  Current date: 2013-Mar-01 Current time: 64 {
 INFO2(core  ):  }
 INFO2(core  ):  Current date: 2013-Apr-01 Current time: 65 {
 INFO2(core  ):  }
 INFO2(core  ):  Current date: 2013-May-01 Current time: 66 {
 INFO2(core  ):  }
 INFO2(core  ):  Current date: 2013-Jun-01 Current time: 67 {
 INFO2(core  ):  }
 INFO2(core  ):  Current date: 2013-Jul-01 Current time: 68 {
 INFO2(core  ):  }
 INFO2(core  ):  Current date: 2013-Aug-01 Current time: 69 {
 INFO2(core  ):  }
 INFO2(core  ):  Current date: 2013-Sep-01 Current time: 70 {
 INFO2(core  ):  }
 INFO2(core  ):  Current date: 2013-Oct-01 Current time: 71 {
 INFO2(core  ):  }
 INFO2(core  ):  Current date: 2013-Nov-01 Current time: 72 {
 INFO2(core  ):  }
 INFO2(core  ):  Current date: 2013-Dec-01 Current time: 73 {
 INFO2(core  ):  }
 INFO2(core  ):  Current date: 2014-Jan-01 Current time: 74 {
 INFO2(core  ):  }
 INFO2(core  ):  Current date: 2014-Feb-01 Current time: 75 {
 INFO2(core  ):  }
 INFO2(core  ):  Current date: 2014-Mar-01 Current time: 76 {
 INFO2(core  ):  }
 INFO2(core  ):  Current date: 2014-Apr-01 Current time: 77 {
 INFO2(core  ):  }
 INFO2(core  ):  Current date: 2014-May-01 Current time: 78 {
 INFO2(core  ):  }
 INFO2(core  ):  Current date: 2014-Jun-01 Current time: 79 {
 INFO2(core  ):  }
 INFO2(core  ):  Current date: 2014-Jul-01 Current time: 80 {
 INFO2(core  ):  }
 INFO2(core  ):  Current date: 2014-Aug-01 Current time: 81 {
 INFO2(core  ):  }
 INFO2(core  ):  Current date: 2014-Sep-01 Current time: 82 {
 INFO2(core  ):  }
 INFO2(core  ):  Current date: 2014-Oct-01 Current time: 83 {
 INFO2(core  ):  }
 INFO2(core  ):  Current date: 2014-Nov-01 Current time: 84 {
 INFO2(core  ):  }
 INFO2(core  ):  Current date: 2014-Dec-01 Current time: 85 {
 INFO2(core  ):  }
 INFO2(core  ):  Current date: 2015-Jan-01 Current time: 86 {
 INFO2(core  ):  }
 INFO2(core  ):  Current date: 2015-Feb-01 Current time: 87 {
 INFO2(core  ):  }
 INFO2(core  ):  Current date: 2015-Mar-01 Current time: 88 {
 INFO2(core  ):  }
 INFO2(core  ):  Current date: 2015-Apr-01 Current time: 89 {
 INFO2(core  ):  }
 INFO2(core  ):  Current date: 2015-May-01 Current time: 90 {
 INFO2(core  ):  }
 INFO2(core  ):  Current date: 2015-Jun-01 Current time: 91 {
 INFO2(core  ):  }
 INFO2(core  ):  Current date: 2015-Jul-01 Current time: 92 {
 INFO2(core  ):  }
 INFO2(core  ):  Current date: 2015-Aug-01 Current time: 93 {
 INFO2(core  ):  }
 INFO2(core  ):  Current date: 2015-Sep-01 Current time: 94 {
 INFO2(core  ):  }
 INFO2(core  ):  Current date: 2015-Oct-01 Current time: 95 {
 INFO2(core  ):  }
 INFO2(core  ):  Current date: 2015-Nov-01 Current time: 96 {
 INFO2(core  ):  }
 INFO2(core  ):  Current date: 2015-Dec-01 Current time: 97 {
 INFO2(core  ):  }
 INFO2(core  ):  Current date: 2016-Jan-01 Current time: 98 {
 INFO2(core  ):  }
 INFO2(core  ):  Current date: 2016-Feb-01 Current time: 99 {
 INFO2(core  ):  }
 INFO2(core  ):  Current date: 2016-Mar-01 Current time: 100 {
 INFO2(core  ):  }
 INFO2(core  ):  Current date: 2016-Apr-01 Current time: 101 {
 INFO2(core  ):  }
 INFO2(core  ):  Current date: 2016-May-01 Current time: 102 {
 INFO2(core  ):  }
 INFO2(core  ):  Current date: 2016-Jun-01 Current time: 103 {
 INFO2(core  ):  }
 INFO2(core  ):  Current date: 2016-Jul-01 Current time: 104 {
 INFO2(core  ):  }
 INFO2(core  ):  Current date: 2016-Aug-01 Current time: 105 {
 INFO2(core  ):  }
 INFO2(core  ):  Current date: 2016-Sep-01 Current time: 106 {
 INFO2(core  ):  }
 INFO2(core  ):  Current date: 2016-Oct-01 Current time: 107 {
 INFO2(core  ):  }
 INFO2(core  ):  Current date: 2016-Nov-01 Current time: 108 {
 INFO2(core  ):  }
 INFO2(core  ):  Current date: 2016-Dec-01 Current time: 109 {
 INFO2(core  ):  }
 INFO2(core  ):  Current date: 2017-Jan-01 Current time: 110 {
 INFO2(core  ):  }
 INFO2(core  ):  Current date: 2017-Feb-01 Current time: 111 {
 INFO2(core  ):  }
 INFO2(core  ):  Current date: 2017-Mar-01 Current time: 112 {
 INFO2(core  ):  }
 INFO2(core  ):  Current date: 2017-Apr-01 Current time: 113 {
 INFO2(core  ):  }
 INFO2(core  ):  Current date: 2017-May-01 Current time: 114 {
 INFO2(core  ):  }
 INFO2(core  ):  Current date: 2017-Jun-01 Current time: 115 {
 INFO2(core  ):  }
 INFO2(core  ):  Current date: 2017-Jul-01 Current time: 116 {
 INFO2(core  ):  }
 INFO2(core  ):  Current date: 2017-Aug-01 Current time: 117 {
 INFO2(core  ):  }
 INFO2(core  ):  Current date: 2017-Sep-01 Current time: 118 {
 INFO2(core  ):  }
 INFO2(core  ):  Current date: 2017-Oct-01 Current time: 119 {
 INFO2(core  ):  }
 INFO2(core  ):  Current date: 2017-Nov-01 Current time: 120 {
 INFO2(core  ):  }
 INFO2(core  ):  Current date: 2017-Dec-01 Current time: 121 {
 INFO2(core  ):  }
 INFO2(core  ):  Current date: 2018-Jan-01 Current time: 122 {
 INFO2(core  ):  }
 INFO2(core  ):  Current date: 2018-Feb-01 Current time: 123 {
 INFO2(core  ):  }
 INFO2(core  ):  Current date: 2018-Mar-01 Current time: 124 {
 INFO2(core  ):  }
 INFO2(core  ):  Current date: 2018-Apr-01 Current time: 125 {
 INFO2(core  ):  }
 INFO2(core  ):  Current date: 2018-May-01 Current time: 126 {
 INFO2(core  ):  }
 INFO2(core  ):  Current date: 2018-Jun-01 Current time: 127 {
 INFO2(core  ):  }
 INFO2(core  ):  Current date: 2018-Jul-01 Current time: 128 {
 INFO2(core  ):  }
 INFO2(core  ):  Current date: 2018-Aug-01 Current time: 129 {
 INFO2(core  ):  }
 INFO2(core  ):  Current date: 2018-Sep-01 Current time: 130 {
 INFO2(core  ):  }
 INFO2(core  ):  Current date: 2018-Oct-01 Current time: 131 {
 INFO2(core  ):  }
 INFO2(core  ):  Current date: 2018-Nov-01 Current time: 132 {
 INFO2(core  ):  }
 INFO2(core  ):  Current date: 2018-Dec-01 Current time: 133 {
 INFO2(core  ):  }
 INFO2(core  ):  Current date: 2019-Jan-01 Current time: 134 {
 INFO2(core  ):  }
 INFO2(core  ):  Current date: 2019-Feb-01 Current time: 135 {
 INFO2(core  ):  }
 INFO2(core  ):  Current date: 2019-Mar-01 Current time: 136 {
 INFO2(core  ):  }
 INFO2(core  ):  Current date: 2019-Apr-01 Current time: 137 {
 INFO2(core  ):  }
 INFO2(core  ):  Current date: 2019-May-01 Current time: 138 {
 INFO2(core  ):  }
 INFO2(core  ):  Current date: 2019-Jun-01 Current time: 139 {
 INFO2(core  ):  }
 INFO2(core  ):  Current date: 2019-Jul-01 Current time: 140 {
 INFO2(core  ):  }
 INFO2(core  ):  Current date: 2019-Aug-01 Current time: 141 {
 INFO2(core  ):  }
 INFO2(core  ):  Current date: 2019-Sep-01 Current time: 142 {
 INFO2(core  ):  }
 INFO2(core  ):  Current date: 2019-Oct-01 Current time: 143 {
 INFO2(core  ):  }
 INFO2(core  ):  Current date: 2019-Nov-01 Current time: 144 {
 INFO2(core  ):  }
 INFO2(core  ):  Current date: 2019-Dec-01 Current time: 145 {
 INFO2(core  ):  }
 INFO2(core  ):  Current date: 2020-Jan-01 Current time: 146 {
 INFO2(core  ):  }
 INFO2(core  ):  Current date: 2020-Feb-01 Current time: 147 {
 INFO2(core  ):  }
 INFO2(core  ):  Current date: 2020-Mar-01 Current time: 148 {
 INFO2(core  ):  }
 INFO2(core  ):  Current date: 2020-Apr-01 Current time: 149 {
 INFO2(core  ):  }
 INFO2(core  ):  Current date: 2020-May-01 Current time: 150 {
 INFO2(core  ):  }
 INFO2(core  ):  Current date: 2020-Jun-01 Current time: 151 {
 INFO2(core  ):  }
 INFO2(core  ):  Current date: 2020-Jul-01 Current time: 152 {
 INFO2(core  ):  }
 INFO2(core  ):  Current date: 2020-Aug-01 Current time: 153 {
 INFO2(core  ):  }
 INFO2(core  ):  Current date: 2020-Sep-01 Current time: 154 {
 INFO2(core  ):  }
 INFO2(core  ):  Current date: 2020-Oct-01 Current time: 155 {
 INFO2(core  ):  }
 INFO2(core  ):  Current date: 2020-Nov-01 Current time: 156 {
 INFO2(core  ):  }
 INFO2(core  ):  Current date: 2020-Dec-01 Current time: 157 {
 INFO2(core  ):  }
 INFO2(core  ):  Current date: 2021-Jan-01 Current time: 158 {
 INFO2(core  ):  }
 INFO2(core  ):  Current date: 2021-Feb-01 Current time: 159 {
 INFO2(core  ):  }
 INFO2(core  ):  Current date: 2021-Mar-01 Current time: 160 {
 INFO2(core  ):  }
 INFO2(core  ):  Current date: 2021-Apr-01 Current time: 161 {
 INFO2(core  ):  }
 INFO2(core  ):  Current date: 2021-May-01 Current time: 162 {
 INFO2(core  ):  }
 INFO2(core  ):  Current date: 2021-Jun-01 Current time: 163 {
 INFO2(core  ):  }
 INFO2(core  ):  Current date: 2021-Jul-01 Current time: 164 {
 INFO2(core  ):  }
 INFO2(core  ):  Current date: 2021-Aug-01 Current time: 165 {
 INFO2(core  ):  }
 INFO2(core  ):  Current date: 2021-Sep-01 Current time: 166 {
 INFO2(core  ):  }
 INFO2(core  ):  Current date: 2021-Oct-01 Current time: 167 {
 INFO2(core  ):  }
 INFO2(core  ):  Current date: 2021-Nov-01 Current time: 168 {
 INFO2(core  ):  }
 INFO2(core  ):  Current date: 2021-Dec-01 Current time: 169 {
 INFO2(core  ):  }
 INFO2(core  ):  Current date: 2022-Jan-01 Current time: 170 {
 INFO2(core  ):  }
 INFO2(core  ):  Current date: 2022-Feb-01 Current time: 171 {
 INFO2(core  ):  }
 INFO2(core  ):  Current date: 2022-Mar-01 Current time: 172 {
 INFO2(core  ):  }
 INFO2(core  ):  Current date: 2022-Apr-01 Current time: 173 {
 INFO2(core  ):  }
 INFO2(core  ):  Current date: 2022-May-01 Current time: 174 {
 INFO2(core  ):  }
 INFO2(core  ):  Current date: 2022-Jun-01 Current time: 175 {
 INFO2(core  ):  }
 INFO2(core  ):  Current date: 2022-Jul-01 Current time: 176 {
 INFO2(core  ):  }
 INFO2(core  ):  Current date: 2022-Aug-01 Current time: 177 {
 INFO2(core  ):  }
 INFO2(core  ):  Current date: 2022-Sep-01 Current time: 178 {
 INFO2(core  ):  }
 INFO2(core  ):  Current date: 2022-Oct-01 Current time: 179 {
 INFO2(core  ):  }
 INFO2(core  ):  Current date: 2022-Nov-01 Current time: 180 {
 INFO2(core  ):  }
 INFO2(core  ):  Current date: 2022-Dec-01 Current time: 181 {
 INFO2(core  ):  }
 INFO2(core  ):  Current date: 2023-Jan-01 Current time: 182 {
 INFO2(core  ):  }
 INFO2(core  ):  Current date: 2023-Feb-01 Current time: 183 {
 INFO2(core  ):  }
 INFO2(core  ):  Current date: 2023-Mar-01 Current time: 184 {
 INFO2(core  ):  }
 INFO2(core  ):  Current date: 2023-Apr-01 Current time: 185 {
 INFO2(core  ):  }
 INFO2(core  ):  Current date: 2023-May-01 Current time: 186 {
 INFO2(core  ):  }
 INFO2(core  ):  Current date: 2023-Jun-01 Current time: 187 {
 INFO2(core  ):  }
 INFO2(core  ):  Current date: 2023-Jul-01 Current time: 188 {
 INFO2(core  ):  }
 INFO2(core  ):  Current date: 2023-Aug-01 Current time: 189 {
 INFO2(core  ):  }
 INFO2(core  ):  Current date: 2023-Sep-01 Current time: 190 {
 INFO2(core  ):  }
 INFO2(core  ):  Current date: 2023-Oct-01 Current time: 191 {
 INFO2(core  ):  }
 INFO2(core  ):  Current date: 2023-Nov-01 Current time: 192 {
 INFO2(core  ):  }
 INFO2(core  ):  Current date: 2023-Dec-01 Current time: 193 {
 INFO2(core  ):  }
 INFO2(core  ):  Current date: 2024-Jan-01 Current time: 194 {
 INFO2(core  ):  }
 INFO2(core  ):  Current date: 2024-Feb-01 Current time: 195 {
 INFO2(core  ):  }
 INFO2(core  ):  Current date: 2024-Mar-01 Current time: 196 {
 INFO2(core  ):  }
 INFO2(core  ):  Current date: 2024-Apr-01 Current time: 197 {
 INFO2(core  ):  }
 INFO2(core  ):  Current date: 2024-May-01 Current time: 198 {
 INFO2(core  ):  }
 INFO2(core  ):  Current date: 2024-Jun-01 Current time: 199 {
 INFO2(core  ):  }
 INFO2(core  ):  Current date: 2024-Jul-01 Current time: 200 {
 INFO2(core  ):  }
 INFO2(core  ):  Current date: 2024-Aug-01 Current time: 201 {
 INFO2(core  ):  }
 INFO2(core  ):  Current date: 2024-Sep-01 Current time: 202 {
 INFO2(core  ):  }
 INFO2(core  ):  Current date: 2024-Oct-01 Current time: 203 {
 INFO2(core  ):  }
 INFO2(core  ):  Current date: 2024-Nov-01 Current time: 204 {
 INFO2(core  ):  }
 INFO2(core  ):  Current date: 2024-Dec-01 Current time: 205 {
 INFO2(core  ):  }
 INFO2(core  ):  Current date: 2025-Jan-01 Current time: 206 {
 INFO2(core  ):  }
 INFO2(core  ):  Current date: 2025-Feb-01 Current time: 207 {
 INFO2(core  ):  }
 INFO2(core  ):  Current date: 2025-Mar-01 Current time: 208 {
 INFO2(core  ):  }
 INFO2(core  ):  Current date: 2025-Apr-01 Current time: 209 {
 INFO2(core  ):  }
 INFO2(core  ):  Current date: 2025-May-01 Current time: 210 {
 INFO2(core  ):  }
 INFO2(core  ):  Current date: 2025-Jun-01 Current time: 211 {
 INFO2(core  ):  }
 INFO2(core  ):  Current date: 2025-Jul-01 Current time: 212 {
 INFO2(core  ):  }
 INFO2(core  ):  Current date: 2025-Aug-01 Current time: 213 {
 INFO2(core  ):  }
 INFO2(core  ):  Current date: 2025-Sep-01 Current time: 214 {
 INFO2(core  ):  }
 INFO2(core  ):  Current date: 2025-Oct-01 Current time: 215 {
 INFO2(core  ):  }
 INFO2(core  ):  Current date: 2025-Nov-01 Current time: 216 {
 INFO2(core  ):  }
 INFO2(core  ):  Current date: 2025-Dec-01 Current time: 217 {
 INFO2(core  ):  }
 INFO2(core  ):  Current date: 2026-Jan-01 Current time: 218 {
 INFO2(core  ):  }
 INFO2(core  ):  Current date: 2026-Feb-01 Current time: 219 {
 INFO2(core  ):  }
 INFO2(core  ):  Current date: 2026-Mar-01 Current time: 220 {
 INFO2(core  ):  }
 INFO2(core  ):  Current date: 2026-Apr-01 Current time: 221 {
 INFO2(core  ):  }
 INFO2(core  ):  Current date: 2026-May-01 Current time: 222 {
 INFO2(core  ):  }
 INFO2(core  ):  Current date: 2026-Jun-01 Current time: 223 {
 INFO2(core  ):  }
 INFO2(core  ):  Current date: 2026-Jul-01 Current time: 224 {
 INFO2(core  ):  }
 INFO2(core  ):  Current date: 2026-Aug-01 Current time: 225 {
 INFO2(core  ):  }
 INFO2(core  ):  Current date: 2026-Sep-01 Current time: 226 {
 INFO2(core  ):  }
 INFO2(core  ):  Current date: 2026-Oct-01 Current time: 227 {
 INFO2(core  ):  }
 INFO2(core  ):  Current date: 2026-Nov-01 Current time: 228 {
 INFO2(core  ):  }
 INFO2(core  ):  Current date: 2026-Dec-01 Current time: 229 {
 INFO2(core  ):  }
 INFO2(core  ):  Current date: 2027-Jan-01 Current time: 230 {
 INFO2(core  ):  }
 INFO2(core  ):  Current date: 2027-Feb-01 Current time: 231 {
 INFO2(core  ):  }
 INFO2(core  ):  Current date: 2027-Mar-01 Current time: 232 {
 INFO2(core  ):  }
 INFO2(core  ):  Current date: 2027-Apr-01 Current time: 233 {
 INFO2(core  ):  }
 INFO2(core  ):  Current date: 2027-May-01 Current time: 234 {
 INFO2(core  ):  }
 INFO2(core  ):  Current date: 2027-Jun-01 Current time: 235 {
 INFO2(core  ):  }
 INFO2(core  ):  Current date: 2027-Jul-01 Current time: 236 {
 INFO2(core  ):  }
 INFO2(core  ):  Current date: 2027-Aug-01 Current time: 237 {
 INFO2(core  ):  }
 INFO2(core  ):  Current date: 2027-Sep-01 Current time: 238 {
 INFO2(core  ):  }
 INFO2(core  ):  Current date: 2027-Oct-01 Current time: 239 {
 INFO2(core  ):  }
 INFO2(core  ):  Current date: 2027-Nov-01 Current time: 240 {
 INFO2(core  ):  }
 INFO2(core  ):  Current date: 2027-Dec-01 Current time: 241 {
 INFO2(core  ):  }
 INFO2(core  ):  Current date: 2028-Jan-01 Current time: 242 {
 INFO2(core  ):  }
 INFO2(core  ):  Current date: 2028-Feb-01 Current time: 243 {
 INFO2(core  ):  }
 INFO2(core  ):  Current date: 2028-Mar-01 Current time: 244 {
 INFO2(core  ):  }
 INFO2(core  ):  Current date: 2028-Apr-01 Current time: 245 {
 INFO2(core  ):  }
 INFO2(core  ):  Current date: 2028-May-01 Current time: 246 {
 INFO2(core  ):  }
 INFO2(core  ):  Current date: 2028-Jun-01 Current time: 247 {
 INFO2(core  ):  }
 INFO2(core  ):  Current date: 2028-Jul-01 Current time: 248 {
 INFO2(core  ):  }
 INFO2(core  ):  Current date: 2028-Aug-01 Current time: 249 {
 INFO2(core  ):  }
 INFO2(core  ):  Current date: 2028-Sep-01 Current time: 250 {
 INFO2(core  ):  }
 INFO2(core  ):  Current date: 2028-Oct-01 Current time: 251 {
 INFO2(core  ):  }
 INFO2(core  ):  Current date: 2028-Nov-01 Current time: 252 {
 INFO2(core  ):  }
 INFO2(core  ):  Current date: 2028-Dec-01 Current time: 253 {
 INFO2(core  ):  }
 INFO2(core  ):  Current date: 2029-Jan-01 Current time: 254 {
 INFO2(core  ):  }
 INFO2(core  ):  Current date: 2029-Feb-01 Current time: 255 {
 INFO2(core  ):  }
 INFO2(core  ):  Current date: 2029-Mar-01 Current time: 256 {
 INFO2(core  ):  }
 INFO2(core  ):  Current date: 2029-Apr-01 Current time: 257 {
 INFO2(core  ):  }
 INFO2(core  ):  Current date: 2029-May-01 Current time: 258 {
 INFO2(core  ):  }
 INFO2(core  ):  Current date: 2029-Jun-01 Current time: 259 {
 INFO2(core  ):  }
 INFO2(core  ):  Current date: 2029-Jul-01 Current time: 260 {
 INFO2(core  ):  }
 INFO2(core  ):  Current date: 2029-Aug-01 Current time: 261 {
 INFO2(core  ):  }
 INFO2(core  ):  Current date: 2029-Sep-01 Current time: 262 {
 INFO2(core  ):  }
 INFO2(core  ):  Current date: 2029-Oct-01 Current time: 263 {
 INFO2(core  ):  }
 INFO2(core  ):  Current date: 2029-Nov-01 Current time: 264 {
 INFO2(core  ):  }
 INFO2(core  ):  Current date: 2029-Dec-01 Current time: 265 {
 INFO2(core  ):  }
 INFO2(core  ):  Current date: 2030-Jan-01 Current time: 266 {
 INFO2(core  ):  }
 INFO2(core  ):  Current date: 2030-Feb-01 Current time: 267 {
 INFO2(core  ):  }
 INFO2(core  ):  Current date: 2030-Mar-01 Current time: 268 {
 INFO2(core  ):  }
 INFO2(core  ):  Current date: 2030-Apr-01 Current time: 269 {
 INFO2(core  ):  }
 INFO2(core  ):  Current date: 2030-May-01 Current time: 270 {
 INFO2(core  ):  }
 INFO2(core  ):  Current date: 2030-Jun-01 Current time: 271 {
 INFO2(core  ):  }
 INFO2(core  ):  Current date: 2030-Jul-01 Current time: 272 {
 INFO2(core  ):  }
 INFO2(core  ):  Current date: 2030-Aug-01 Current time: 273 {
 INFO2(core  ):  }
 INFO2(core  ):  Current date: 2030-Sep-01 Current time: 274 {
 INFO2(core  ):  }
 INFO2(core  ):  Current date: 2030-Oct-01 Current time: 275 {
 INFO2(core  ):  }
 INFO2(core  ):  Current date: 2030-Nov-01 Current time: 276 {
 INFO2(core  ):  }
 INFO2(core  ):  Current date: 2030-Dec-01 Current time: 277 {
 INFO2(core  ):  }
 INFO2(core  ):  Current date: 2031-Jan-01 Current time: 278 {
 INFO2(core  ):  }
 INFO2(core  ):  Current date: 2031-Feb-01 Current time: 279 {
 INFO2(core  ):  }
 INFO2(core  ):  Current date: 2031-Mar-01 Current time: 280 {
 INFO2(core  ):  }
 INFO2(core  ):  Current date: 2031-Apr-01 Current time: 281 {
 INFO2(core  ):  }
 INFO2(core  ):  Current date: 2031-May-01 Current time: 282 {
 INFO2(core  ):  }
 INFO2(core  ):  Current date: 2031-Jun-01 Current time: 283 {
 INFO2(core  ):  }
 INFO2(core  ):  Current date: 2031-Jul-01 Current time: 284 {
 INFO2(core  ):  }
 INFO2(core  ):  Current date: 2031-Aug-01 Current time: 285 {
 INFO2(core  ):  }
 INFO2(core  ):  Current date: 2031-Sep-01 Current time: 286 {
 INFO2(core  ):  }
 INFO2(core  ):  Current date: 2031-Oct-01 Current time: 287 {
 INFO2(core  ):  }
 INFO2(core  ):  Current date: 2031-Nov-01 Current time: 288 {
 INFO2(core  ):  }
 INFO2(core  ):  Current date: 2031-Dec-01 Current time: 289 {
 INFO2(core  ):  }
 INFO2(core  ):  Current date: 2032-Jan-01 Current time: 290 {
 INFO2(core  ):  }
 INFO2(core  ):  Current date: 2032-Feb-01 Current time: 291 {
 INFO2(core  ):  }
 INFO2(core  ):  Current date: 2032-Mar-01 Current time: 292 {
 INFO2(core  ):  }
 INFO2(core  ):  Current date: 2032-Apr-01 Current time: 293 {
 INFO2(core  ):  }
 INFO2(core  ):  Current date: 2032-May-01 Current time: 294 {
 INFO2(core  ):  }
 INFO2(core  ):  Current date: 2032-Jun-01 Current time: 295 {
 INFO2(core  ):  }
 INFO2(core  ):  Current date: 2032-Jul-01 Current time: 296 {
 INFO2(core  ):  }
 INFO2(core  ):  Current date: 2032-Aug-01 Current time: 297 {
 INFO2(core  ):  }
 INFO2(core  ):  Current date: 2032-Sep-01 Current time: 298 {
 INFO2(core  ):  }
 INFO2(core  ):  Current date: 2032-Oct-01 Current time: 299 {
 INFO2(core  ):  }
 INFO2(core  ):  Current date: 2032-Nov-01 Current time: 300 {
 INFO2(core  ):  }
 INFO2(core  ):  Current date: 2032-Dec-01 Current time: 301 {
 INFO2(core  ):  }
 INFO2(core  ):  Current date: 2033-Jan-01 Current time: 302 {
 INFO2(core  ):  }
 INFO2(core  ):  Current date: 2033-Feb-01 Current time: 303 {
 INFO2(core  ):  }
 INFO2(core  ):  Current date: 2033-Mar-01 Current time: 304 {
 INFO2(core  ):  }
 INFO2(core  ):  Current date: 2033-Apr-01 Current time: 305 {
 INFO2(core  ):  }
 INFO2(core  ):  Current date: 2033-May-01 Current time: 306 {
 INFO2(core  ):  }
 INFO2(core  ):  Current date: 2033-Jun-01 Current time: 307 {
 INFO2(core  ):  }
 INFO2(core  ):  Current date: 2033-Jul-01 Current time: 308 {
 INFO2(core  ):  }
 INFO2(core  ):  Current date: 2033-Aug-01 Current time: 309 {
 INFO2(core  ):  }
 INFO2(core  ):  Current date: 2033-Sep-01 Current time: 310 {
 INFO2(core  ):  }
 INFO2(core  ):  Current date: 2033-Oct-01 Current time: 311 {
 INFO2(core  ):  }
 INFO2(core  ):  Current date: 2033-Nov-01 Current time: 312 {
 INFO2(core  ):  }
 INFO2(core  ):  Current date: 2033-Dec-01 Current time: 313 {
 INFO2(core  ):  }
 INFO2(core  ):  Current date: 2034-Jan-01 Current time: 314 {
 INFO2(core  ):  }
 INFO2(core  ):  Current date: 2034-Feb-01 Current time: 315 {
 INFO2(core  ):  }
 INFO2(core  ):  Current date: 2034-Mar-01 Current time: 316 {
 INFO2(core  ):  }
 INFO2(core  ):  Current date: 2034-Apr-01 Current time: 317 {
 INFO2(core  ):  }
 INFO2(core  ):  Current date: 2034-May-01 Current time: 318 {
 INFO2(core  ):  }
 INFO2(core  ):  Current date: 2034-Jun-01 Current time: 319 {
 INFO2(core  ):  }
 INFO2(core  ):  Current date: 2034-Jul-01 Current time: 320 {
 INFO2(core  ):  }
 INFO2(core  ):  Current date: 2034-Aug-01 Current time: 321 {
 INFO2(core  ):  }
 INFO2(core  ):  Current date: 2034-Sep-01 Current time: 322 {
 INFO2(core  ):  }
 INFO2(core  ):  Current date: 2034-Oct-01 Current time: 323 {
 INFO2(core  ):  }
 INFO2(core  ):  Current date: 2034-Nov-01 Current time: 324 {
 INFO2(core  ):  }
 INFO2(core  ):  Current date: 2034-Dec-01 Current time: 325 {
 INFO2(core  ):  }
 INFO2(core  ):  Current date: 2035-Jan-01 Current time: 326 {
 INFO2(core  ):  }
 INFO2(core  ):  Current date: 2035-Feb-01 Current time: 327 {
 INFO2(core  ):  }
 INFO2(core  ):  Current date: 2035-Mar-01 Current time: 328 {
 INFO2(core  ):  }
 INFO2(core  ):  Current date: 2035-Apr-01 Current time: 329 {
 INFO2(core  ):  }
 INFO2(core  ):  Current date: 2035-May-01 Current time: 330 {
 INFO2(core  ):  }
 INFO2(core  ):  Current date: 2035-Jun-01 Current time: 331 {
 INFO2(core  ):  }
 INFO2(core  ):  Current date: 2035-Jul-01 Current time: 332 {
 INFO2(core  ):  }
 INFO2(core  ):  Current date: 2035-Aug-01 Current time: 333 {
 INFO2(core  ):  }
 INFO2(core  ):  Current date: 2035-Sep-01 Current time: 334 {
 INFO2(core  ):  }
 INFO2(core  ):  Current date: 2035-Oct-01 Current time: 335 {
 INFO2(core  ):  }
 INFO2(core  ):  Current date: 2035-Nov-01 Current time: 336 {
 INFO2(core  ):  }
 INFO2(core  ):  Current date: 2035-Dec-01 Current time: 337 {
 INFO2(core  ):  }
 INFO2(core  ):  Current date: 2036-Jan-01 Current time: 338 {
 INFO2(core  ):  }
 INFO2(core  ):  Current date: 2036-Feb-01 Current time: 339 {
 INFO2(core  ):  }
 INFO2(core  ):  Current date: 2036-Mar-01 Current time: 340 {
 INFO2(core  ):  }
 INFO2(core  ):  Current date: 2036-Apr-01 Current time: 341 {
 INFO2(core  ):  }
 INFO2(core  ):  Current date: 2036-May-01 Current time: 342 {
 INFO2(core  ):  }
 INFO2(core  ):  Current date: 2036-Jun-01 Current time: 343 {
 INFO2(core  ):  }
 INFO2(core  ):  Current date: 2036-Jul-01 Current time: 344 {
 INFO2(core  ):  }
 INFO2(core  ):  Current date: 2036-Aug-01 Current time: 345 {
 INFO2(core  ):  }
 INFO2(core  ):  Current date: 2036-Sep-01 Current time: 346 {
 INFO2(core  ):  }
 INFO2(core  ):  Current date: 2036-Oct-01 Current time: 347 {
 INFO2(core  ):  }
 INFO2(core  ):  Current date: 2036-Nov-01 Current time: 348 {
 INFO2(core  ):  }
 INFO2(core  ):  Current date: 2036-Dec-01 Current time: 349 {
 INFO2(core  ):  }
 INFO2(core  ):  Current date: 2037-Jan-01 Current time: 350 {
 INFO2(core  ):  }
 INFO2(core  ):  Current date: 2037-Feb-01 Current time: 351 {
 INFO2(core  ):  }
 INFO2(core  ):  Current date: 2037-Mar-01 Current time: 352 {
 INFO2(core  ):  }
 INFO2(core  ):  Current date: 2037-Apr-01 Current time: 353 {
 INFO2(core  ):  }
 INFO2(core  ):  Current date: 2037-May-01 Current time: 354 {
 INFO2(core  ):  }
 INFO2(core  ):  Current date: 2037-Jun-01 Current time: 355 {
 INFO2(core  ):  }
 INFO2(core  ):  Current date: 2037-Jul-01 Current time: 356 {
 INFO2(core  ):  }
 INFO2(core  ):  Current date: 2037-Aug-01 Current time: 357 {
 INFO2(core  ):  }
 INFO2(core  ):  Current date: 2037-Sep-01 Current time: 358 {
 INFO2(core  ):  }
 INFO2(core  ):  Current date: 2037-Oct-01 Current time: 359 {
 INFO2(core  ):  }
 INFO2(core  ):  Current date: 2037-Nov-01 Current time: 360 {
 INFO2(core  ):  }
 INFO2(core  ):  Current date: 2037-Dec-01 Current time: 361 {
 INFO2(core  ):  }
 INFO2(core  ):  Current date: 2038-Jan-01 Current time: 362 {
 INFO2(core  ):  }
 INFO2(core  ):  Current date: 2038-Feb-01 Current time: 363 {
 INFO2(core  ):  }
 INFO2(core  ):  Current date: 2038-Mar-01 Current time: 364 {
 INFO2(core  ):  }
 INFO2(core  ):  Current date: 2038-Apr-01 Current time: 365 {
 INFO2(core  ):  }
 INFO2(core  ):  Current date: 2038-May-01 Current time: 366 {
 INFO2(core  ):  }
 INFO2(core  ):  Current date: 2038-Jun-01 Current time: 367 {
 INFO2(core  ):  }
 INFO2(core  ):  Current date: 2038-Jul-01 Current time: 368 {
 INFO2(core  ):  }
 INFO2(core  ):  Current date: 2038-Aug-01 Current time: 369 {
 INFO2(core  ):  }
 INFO2(core  ):  Current date: 2038-Sep-01 Current time: 370 {
 INFO2(core  ):  }
 INFO2(core  ):  Current date: 2038-Oct-01 Current time: 371 {
 INFO2(core  ):  }
 INFO2(core  ):  Current date: 2038-Nov-01 Current time: 372 {
 INFO2(core  ):  }
 INFO2(core  ):  Current date: 2038-Dec-01 Current time: 373 {
 INFO2(core  ):  }
 INFO2(core  ):  Current date: 2039-Jan-01 Current time: 374 {
 INFO2(core  ):  }
 INFO2(core  ):  Current date: 2039-Feb-01 Current time: 375 {
 INFO2(core  ):  }
 INFO2(core  ):  Current date: 2039-Mar-01 Current time: 376 {
 INFO2(core  ):  }
 INFO2(core  ):  Current date: 2039-Apr-01 Current time: 377 {
 INFO2(core  ):  }
 INFO2(core  ):  Current date: 2039-May-01 Current time: 378 {
 INFO2(core  ):  }
 INFO2(core  ):  Current date: 2039-Jun-01 Current time: 379 {
 INFO2(core  ):  }
 INFO2(core  ):  Current date: 2039-Jul-01 Current time: 380 {
 INFO2(core  ):  }
 INFO2(core  ):  Current date: 2039-Aug-01 Current time: 381 {
 INFO2(core  ):  }
 INFO2(core  ):  Current date: 2039-Sep-01 Current time: 382 {
 INFO2(core  ):  }
 INFO2(core  ):  Current date: 2039-Oct-01 Current time: 383 {
 INFO2(core  ):  }
 INFO2(core  ):  Current date: 2039-Nov-01 Current time: 384 {
 INFO2(core  ):  }
 INFO2(core  ):  Current date: 2039-Dec-01 Current time: 385 {
 INFO2(core  ):  }
 INFO2(core  ):  Current date: 2040-Jan-01 Current time: 386 {
 INFO2(core  ):  }
 INFO2(core  ):  Current date: 2040-Feb-01 Current time: 387 {
 INFO2(core  ):  }
 INFO2(core  ):  Current date: 2040-Mar-01 Current time: 388 {
 INFO2(core  ):  }
 INFO2(core  ):  Current date: 2040-Apr-01 Current time: 389 {
 INFO2(core  ):  }
 INFO2(core  ):  Current date: 2040-May-01 Current time: 390 {
 INFO2(core  ):  }
 INFO2(core  ):  Current date: 2040-Jun-01 Current time: 391 {
 INFO2(core  ):  }
 INFO2(core  ):  Current date: 2040-Jul-01 Current time: 392 {
 INFO2(core  ):  }
 INFO2(core  ):  Current date: 2040-Aug-01 Current time: 393 {
 INFO2(core  ):  }
 INFO2(core  ):  Current date: 2040-Sep-01 Current time: 394 {
 INFO2(core  ):  }
 INFO2(core  ):  Current date: 2040-Oct-01 Current time: 395 {
 INFO2(core  ):  }
 INFO2(core  ):  Current date: 2040-Nov-01 Current time: 396 {
 INFO2(core  ):  }
 INFO2(core  ):  Current date: 2040-Dec-01 Current time: 397 {
 INFO2(core  ):  }
 INFO2(core  ):  Current date: 2041-Jan-01 Current time: 398 {
 INFO2(core  ):  }
 INFO2(core  ):  Current date: 2041-Feb-01 Current time: 399 {
 INFO2(core  ):  }
 INFO2(core  ):  Current date: 2041-Mar-01 Current time: 400 {
 INFO2(core  ):  }
 INFO2(core  ):  Current date: 2041-Apr-01 Current time: 401 {
 INFO2(core  ):  }
 INFO2(core  ):  Current date: 2041-May-01 Current time: 402 {
 INFO2(core  ):  }
 INFO2(core  ):  Current date: 2041-Jun-01 Current time: 403 {
 INFO2(core  ):  }
 INFO2(core  ):  Current date: 2041-Jul-01 Current time: 404 {
 INFO2(core  ):  }
 INFO2(core  ):  Current date: 2041-Aug-01 Current time: 405 {
 INFO2(core  ):  }
 INFO2(core  ):  Current date: 2041-Sep-01 Current time: 406 {
 INFO2(core  ):  }
 INFO2(core  ):  Current date: 2041-Oct-01 Current time: 407 {
 INFO2(core  ):  }
 INFO2(core  ):  Current date: 2041-Nov-01 Current time: 408 {
 INFO2(core  ):  }
 INFO2(core  ):  Current date: 2041-Dec-01 Current time: 409 {
 INFO2(core  ):  }
 INFO2(core  ):  Current date: 2042-Jan-01 Current time: 410 {
 INFO2(core  ):  }
 INFO2(core  ):  Current date: 2042-Feb-01 Current time: 411 {
 INFO2(core  ):  }
 INFO2(core  ):  Current date: 2042-Mar-01 Current time: 412 {
 INFO2(core  ):  }
 INFO2(core  ):  Current date: 2042-Apr-01 Current time: 413 {
 INFO2(core  ):  }
 INFO2(core  ):  Current date: 2042-May-01 Current time: 414 {
 INFO2(core  ):  }
 INFO2(core  ):  Current date: 2042-Jun-01 Current time: 415 {
 INFO2(core  ):  }
 INFO2(core  ):  Current date: 2042-Jul-01 Current time: 416 {
 INFO2(core  ):  }
 INFO2(core  ):  Current date: 2042-Aug-01 Current time: 417 {
 INFO2(core  ):  }
 INFO2(core  ):  Current date: 2042-Sep-01 Current time: 418 {
 INFO2(core  ):  }
 INFO2(core  ):  Current date: 2042-Oct-01 Current time: 419 {
 INFO2(core  ):  }
 INFO2(core  ):  Current date: 2042-Nov-01 Current time: 420 {
 INFO2(core  ):  }
 INFO2(core  ):  Current date: 2042-Dec-01 Current time: 421 {
 INFO2(core  ):  }
 INFO2(core  ):  Current date: 2043-Jan-01 Current time: 422 {
 INFO2(core  ):  }
 INFO2(core  ):  Current date: 2043-Feb-01 Current time: 423 {
 INFO2(core  ):  }
 INFO2(core  ):  Current date: 2043-Mar-01 Current time: 424 {
 INFO2(core  ):  }
 INFO2(core  ):  Current date: 2043-Apr-01 Current time: 425 {
 INFO2(core  ):  }
 INFO2(core  ):  Current date: 2043-May-01 Current time: 426 {
 INFO2(core  ):  }
 INFO2(core  ):  Current date: 2043-Jun-01 Current time: 427 {
 INFO2(core  ):  }
 INFO2(core  ):  Current date: 2043-Jul-01 Current time: 428 {
 INFO2(core  ):  }
 INFO2(core  ):  Current date: 2043-Aug-01 Current time: 429 {
 INFO2(core  ):  }
 INFO2(core  ):  Current date: 2043-Sep-01 Current time: 430 {
 INFO2(core  ):  }
 INFO2(core  ):  Current date: 2043-Oct-01 Current time: 431 {
 INFO2(core  ):  }
 INFO2(core  ):  Current date: 2043-Nov-01 Current time: 432 {
 INFO2(core  ):  }
 INFO2(core  ):  Current date: 2043-Dec-01 Current time: 433 {
 INFO2(core  ):  }
 INFO2(core  ):  Current date: 2044-Jan-01 Current time: 434 {
 INFO2(core  ):  }
 INFO2(core  ):  Current date: 2044-Feb-01 Current time: 435 {
 INFO2(core  ):  }
 INFO2(core  ):  Current date: 2044-Mar-01 Current time: 436 {
 INFO2(core  ):  }
 INFO2(core  ):  Current date: 2044-Apr-01 Current time: 437 {
 INFO2(core  ):  }
 INFO2(core  ):  Current date: 2044-May-01 Current time: 438 {
 INFO2(core  ):  }
 INFO2(core  ):  Current date: 2044-Jun-01 Current time: 439 {
 INFO2(core  ):  }
 INFO2(core  ):  Current date: 2044-Jul-01 Current time: 440 {
 INFO2(core  ):  }
 INFO2(core  ):  Current date: 2044-Aug-01 Current time: 441 {
 INFO2(core  ):  }
 INFO2(core  ):  Current date: 2044-Sep-01 Current time: 442 {
 INFO2(core  ):  }
 INFO2(core  ):  Current date: 2044-Oct-01 Current time: 443 {
 INFO2(core  ):  }
 INFO2(core  ):  Current date: 2044-Nov-01 Current time: 444 {
 INFO2(core  ):  }
 INFO2(core  ):  Current date: 2044-Dec-01 Current time: 445 {
 INFO2(core  ):  }
 INFO2(core  ):  Current date: 2045-Jan-01 Current time: 446 {
 INFO2(core  ):  }
 INFO2(core  ):  Current date: 2045-Feb-01 Current time: 447 {
 INFO2(core  ):  }
 INFO2(core  ):  Current date: 2045-Mar-01 Current time: 448 {
 INFO2(core  ):  }
 INFO2(core  ):  Current date: 2045-Apr-01 Current time: 449 {
 INFO2(core  ):  }
 INFO2(core  ):  Current date: 2045-May-01 Current time: 450 {
 INFO2(core  ):  }
 INFO2(core  ):  Current date: 2045-Jun-01 Current time: 451 {
 INFO2(core  ):  }
 INFO2(core  ):  Current date: 2045-Jul-01 Current time: 452 {
 INFO2(core  ):  }
 INFO2(core  ):  Current date: 2045-Aug-01 Current time: 453 {
 INFO2(core  ):  }
 INFO2(core  ):  Current date: 2045-Sep-01 Current time: 454 {
 INFO2(core  ):  }
 INFO2(core  ):  Current date: 2045-Oct-01 Current time: 455 {
 INFO2(core  ):  }
 INFO2(core  ):  Current date: 2045-Nov-01 Current time: 456 {
 INFO2(core  ):  }
 INFO2(core  ):  Current date: 2045-Dec-01 Current time: 457 {
 INFO2(core  ):  }
 INFO2(core  ):  Current date: 2046-Jan-01 Current time: 458 {
 INFO2(core  ):  }
 INFO2(core  ):  Current date: 2046-Feb-01 Current time: 459 {
 INFO2(core  ):  }
 INFO2(core  ):  Current date: 2046-Mar-01 Current time: 460 {
 INFO2(core  ):  }
 INFO2(core  ):  Current date: 2046-Apr-01 Current time: 461 {
 INFO2(core  ):  }
 INFO2(core  ):  Current date: 2046-May-01 Current time: 462 {
 INFO2(core  ):  }
 INFO2(core  ):  Current date: 2046-Jun-01 Current time: 463 {
 INFO2(core  ):  }
 INFO2(core  ):  Current date: 2046-Jul-01 Current time: 464 {
 INFO2(core  ):  }
 INFO2(core  ):  Current date: 2046-Aug-01 Current time: 465 {
 INFO2(core  ):  }
 INFO2(core  ):  Current date: 2046-Sep-01 Current time: 466 {
 INFO2(core  ):  }
 INFO2(core  ):  Current date: 2046-Oct-01 Current time: 467 {
 INFO2(core  ):  }
 INFO2(core  ):  Current date: 2046-Nov-01 Current time: 468 {
 INFO2(core  ):  }
 INFO2(core  ):  Current date: 2046-Dec-01 Current time: 469 {
 INFO2(core  ):  }
 INFO2(core  ):  Current date: 2047-Jan-01 Current time: 470 {
 INFO2(core  ):  }
 INFO2(core  ):  Current date: 2047-Feb-01 Current time: 471 {
 INFO2(core  ):  }
 INFO2(core  ):  Current date: 2047-Mar-01 Current time: 472 {
 INFO2(core  ):  }
 INFO2(core  ):  Current date: 2047-Apr-01 Current time: 473 {
 INFO2(core  ):  }
 INFO2(core  ):  Current date: 2047-May-01 Current time: 474 {
 INFO2(core  ):  }
 INFO2(core  ):  Current date: 2047-Jun-01 Current time: 475 {
 INFO2(core  ):  }
 INFO2(core  ):  Current date: 2047-Jul-01 Current time: 476 {
 INFO2(core  ):  }
 INFO2(core  ):  Current date: 2047-Aug-01 Current time: 477 {
 INFO2(core  ):  }
 INFO2(core  ):  Current date: 2047-Sep-01 Current time: 478 {
 INFO2(core  ):  }
 INFO2(core  ):  Current date: 2047-Oct-01 Current time: 479 {
 INFO2(core  ):  }
 INFO2(core  ):  Current date: 2047-Nov-01 Current time: 480 {
 INFO2(core  ):  }
 INFO2(core  ):  Current date: 2047-Dec-01 Current time: 481 {
 INFO2(core  ):  }
 INFO2(core  ):  Current date: 2048-Jan-01 Current time: 482 {
 INFO2(core  ):  }
 INFO2(core  ):  Current date: 2048-Feb-01 Current time: 483 {
 INFO2(core  ):  }
 INFO2(core  ):  Current date: 2048-Mar-01 Current time: 484 {
 INFO2(core  ):  }
 INFO2(core  ):  Current date: 2048-Apr-01 Current time: 485 {
 INFO2(core  ):  }
 INFO2(core  ):  Current date: 2048-May-01 Current time: 486 {
 INFO2(core  ):  }
 INFO2(core  ):  Current date: 2048-Jun-01 Current time: 487 {
 INFO2(core  ):  }
 INFO2(core  ):  Current date: 2048-Jul-01 Current time: 488 {
 INFO2(core  ):  }
 INFO2(core  ):  Current date: 2048-Aug-01 Current time: 489 {
 INFO2(core  ):  }
 INFO2(core  ):  Current date: 2048-Sep-01 Current time: 490 {
 INFO2(core  ):  }
 INFO2(core  ):  Current date: 2048-Oct-01 Current time: 491 {
 INFO2(core  ):  }
 INFO2(core  ):  Current date: 2048-Nov-01 Current time: 492 {
 INFO2(core  ):  }
 INFO2(core  ):  Current date: 2048-Dec-01 Current time: 493 {
 INFO2(core  ):  }
 INFO2(core  ):  Current date: 2049-Jan-01 Current time: 494 {
 INFO2(core  ):  }
 INFO2(core  ):  Current date: 2049-Feb-01 Current time: 495 {
 INFO2(core  ):  }
 INFO2(core  ):  Current date: 2049-Mar-01 Current time: 496 {
 INFO2(core  ):  }
 INFO2(core  ):  Current date: 2049-Apr-01 Current time: 497 {
 INFO2(core  ):  }
 INFO2(core  ):  Current date: 2049-May-01 Current time: 498 {
 INFO2(core  ):  }
 INFO2(core  ):  Current date: 2049-Jun-01 Current time: 499 {
 INFO2(core  ):  }
 INFO2(core  ):  Current date: 2049-Jul-01 Current time: 500 {
 INFO2(core  ):  }
 INFO2(core  ):  Current date: 2049-Aug-01 Current time: 501 {
 INFO2(core  ):  }
 INFO2(core  ):  Current date: 2049-Sep-01 Current time: 502 {
 INFO2(core  ):  }
 INFO2(core  ):  Current date: 2049-Oct-01 Current time: 503 {
 INFO2(core  ):  }
 INFO2(core  ):  Current date: 2049-Nov-01 Current time: 504 {
 INFO2(core  ):  }
 INFO2(core  ):  Current date: 2049-Dec-01 Current time: 505 {
 INFO2(core  ):  }
 INFO2(core  ):  Current date: 2050-Jan-01 Current time: 506 {
 INFO2(core  ):  }
 INFO2(core  ):  Current date: 2050-Feb-01 Current time: 507 {
 INFO2(core  ):  }
 INFO2(core  ):  Current date: 2050-Mar-01 Current time: 508 {
 INFO2(core  ):  }
 INFO2(core  ):  Current date: 2050-Apr-01 Current time: 509 {
 INFO2(core  ):  }
 INFO2(core  ):  Current date: 2050-May-01 Current time: 510 {
 INFO2(core  ):  }
 INFO2(core  ):  Current date: 2050-Jun-01 Current time: 511 {
 INFO2(core  ):  }
 INFO2(core  ):  Current date: 2050-Jul-01 Current time: 512 {
 INFO2(core  ):  }
 INFO2(core  ):  Current date: 2050-Aug-01 Current time: 513 {
 INFO2(core  ):  }
 INFO2(core  ):  Current date: 2050-Sep-01 Current time: 514 {
 INFO2(core  ):  }
 INFO2(core  ):  Current date: 2050-Oct-01 Current time: 515 {
 INFO2(core  ):  }
 INFO2(core  ):  Current date: 2050-Nov-01 Current time: 516 {
 INFO2(core  ):  }
 INFO2(core  ):  Current date: 2050-Dec-01 Current time: 517 {
 INFO2(core  ):  }
 INFO2(core  ):  Current date: 2051-Jan-01 Current time: 518 {
 INFO2(core  ):  }
 INFO2(core  ):  Current date: 2051-Feb-01 Current time: 519 {
 INFO2(core  ):  }
 INFO2(core  ):  Current date: 2051-Mar-01 Current time: 520 {
 INFO2(core  ):  }
 INFO2(core  ):  Current date: 2051-Apr-01 Current time: 521 {
 INFO2(core  ):  }
 INFO2(core  ):  Current date: 2051-May-01 Current time: 522 {
 INFO2(core  ):  }
 INFO2(core  ):  Current date: 2051-Jun-01 Current time: 523 {
 INFO2(core  ):  }
 INFO2(core  ):  Current date: 2051-Jul-01 Current time: 524 {
 INFO2(core  ):  }
 INFO2(core  ):  Current date: 2051-Aug-01 Current time: 525 {
 INFO2(core  ):  }
 INFO2(core  ):  Current date: 2051-Sep-01 Current time: 526 {
 INFO2(core  ):  }
 INFO2(core  ):  Current date: 2051-Oct-01 Current time: 527 {
 INFO2(core  ):  }
 INFO2(core  ):  Current date: 2051-Nov-01 Current time: 528 {
 INFO2(core  ):  }
 INFO2(core  ):  Current date: 2051-Dec-01 Current time: 529 {
 INFO2(core  ):  }
 INFO2(core  ):  Current date: 2052-Jan-01 Current time: 530 {
 INFO2(core  ):  }
 INFO2(core  ):  Current date: 2052-Feb-01 Current time: 531 {
 INFO2(core  ):  }
 INFO2(core  ):  Current date: 2052-Mar-01 Current time: 532 {
 INFO2(core  ):  }
 INFO2(core  ):  Current date: 2052-Apr-01 Current time: 533 {
 INFO2(core  ):  }
 INFO2(core  ):  Current date: 2052-May-01 Current time: 534 {
 INFO2(core  ):  }
 INFO2(core  ):  Current date: 2052-Jun-01 Current time: 535 {
 INFO2(core  ):  }
 INFO2(core  ):  Current date: 2052-Jul-01 Current time: 536 {
 INFO2(core  ):  }
 INFO2(core  ):  Current date: 2052-Aug-01 Current time: 537 {
 INFO2(core  ):  }
 INFO2(core  ):  Current date: 2052-Sep-01 Current time: 538 {
 INFO2(core  ):  }
 INFO2(core  ):  Current date: 2052-Oct-01 Current time: 539 {
 INFO2(core  ):  }
 INFO2(core  ):  Current date: 2052-Nov-01 Current time: 540 {
 INFO2(core  ):  }
 INFO2(core  ):  Current date: 2052-Dec-01 Current time: 541 {
 INFO2(core  ):  }
 INFO2(core  ):  Current date: 2053-Jan-01 Current time: 542 {
 INFO2(core  ):  }
 INFO2(core  ):  Current date: 2053-Feb-01 Current time: 543 {
 INFO2(core  ):  }
 INFO2(core  ):  Current date: 2053-Mar-01 Current time: 544 {
 INFO2(core  ):  }
 INFO2(core  ):  Current date: 2053-Apr-01 Current time: 545 {
 INFO2(core  ):  }
 INFO2(core  ):  Current date: 2053-May-01 Current time: 546 {
 INFO2(core  ):  }
 INFO2(core  ):  Current date: 2053-Jun-01 Current time: 547 {
 INFO2(core  ):  }
 INFO2(core  ):  Current date: 2053-Jul-01 Current time: 548 {
 INFO2(core  ):  }
 INFO2(core  ):  Current date: 2053-Aug-01 Current time: 549 {
 INFO2(core  ):  }
 INFO2(core  ):  Current date: 2053-Sep-01 Current time: 550 {
 INFO2(core  ):  }
 INFO2(core  ):  Current date: 2053-Oct-01 Current time: 551 {
 INFO2(core  ):  }
 INFO2(core  ):  Current date: 2053-Nov-01 Current time: 552 {
 INFO2(core  ):  }
 INFO2(core  ):  Current date: 2053-Dec-01 Current time: 553 {
 INFO2(core  ):  }
 INFO2(core  ):  Current date: 2054-Jan-01 Current time: 554 {
 INFO2(core  ):  }
 INFO2(core  ):  Current date: 2054-Feb-01 Current time: 555 {
 INFO2(core  ):  }
 INFO2(core  ):  Current date: 2054-Mar-01 Current time: 556 {
 INFO2(core  ):  }
 INFO2(core  ):  Current date: 2054-Apr-01 Current time: 557 {
 INFO2(core  ):  }
 INFO2(core  ):  Current date: 2054-May-01 Current time: 558 {
 INFO2(core  ):  }
 INFO2(core  ):  Current date: 2054-Jun-01 Current time: 559 {
 INFO2(core  ):  }
 INFO2(core  ):  Current date: 2054-Jul-01 Current time: 560 {
 INFO2(core  ):  }
 INFO2(core  ):  Current date: 2054-Aug-01 Current time: 561 {
 INFO2(core  ):  }
 INFO2(core  ):  Current date: 2054-Sep-01 Current time: 562 {
 INFO2(core  ):  }
 INFO2(core  ):  Current date: 2054-Oct-01 Current time: 563 {
 INFO2(core  ):  }
 INFO2(core  ):  Current date: 2054-Nov-01 Current time: 564 {
 INFO2(core  ):  }
 INFO2(core  ):  Current date: 2054-Dec-01 Current time: 565 {
 INFO2(core  ):  }
 INFO2(core  ):  Current date: 2055-Jan-01 Current time: 566 {
 INFO2(core  ):  }
 INFO2(core  ):  Current date: 2055-Feb-01 Current time: 567 {
 INFO2(core  ):  }
 INFO2(core  ):  Current date: 2055-Mar-01 Current time: 568 {
 INFO2(core  ):  }
 INFO2(core  ):  Current date: 2055-Apr-01 Current time: 569 {
 INFO2(core  ):  }
 INFO2(core  ):  Current date: 2055-May-01 Current time: 570 {
 INFO2(core  ):  }
 INFO2(core  ):  Current date: 2055-Jun-01 Current time: 571 {
 INFO2(core  ):  }
 INFO2(core  ):  Current date: 2055-Jul-01 Current time: 572 {
 INFO2(core  ):  }
 INFO2(core  ):  Current date: 2055-Aug-01 Current time: 573 {
 INFO2(core  ):  }
 INFO2(core  ):  Current date: 2055-Sep-01 Current time: 574 {
 INFO2(core  ):  }
 INFO2(core  ):  Current date: 2055-Oct-01 Current time: 575 {
 INFO2(core  ):  }
 INFO2(core  ):  Current date: 2055-Nov-01 Current time: 576 {
 INFO2(core  ):  }
 INFO2(core  ):  Current date: 2055-Dec-01 Current time: 577 {
 INFO2(core  ):  }
 INFO2(core  ):  Current date: 2056-Jan-01 Current time: 578 {
 INFO2(core  ):  }
 INFO2(core  ):  Current date: 2056-Feb-01 Current time: 579 {
 INFO2(core  ):  }
 INFO2(core  ):  Current date: 2056-Mar-01 Current time: 580 {
 INFO2(core  ):  }
 INFO2(core  ):  Current date: 2056-Apr-01 Current time: 581 {
 INFO2(core  ):  }
 INFO2(core  ):  Current date: 2056-May-01 Current time: 582 {
 INFO2(core  ):  }
 INFO2(core  ):  Current date: 2056-Jun-01 Current time: 583 {
 INFO2(core  ):  }
 INFO2(core  ):  Current date: 2056-Jul-01 Current time: 584 {
 INFO2(core  ):  }
 INFO2(core  ):  Current date: 2056-Aug-01 Current time: 585 {
 INFO2(core  ):  }
 INFO2(core  ):  Current date: 2056-Sep-01 Current time: 586 {
 INFO2(core  ):  }
 INFO2(core  ):  Current date: 2056-Oct-01 Current time: 587 {
 INFO2(core  ):  }
 INFO2(core  ):  Current date: 2056-Nov-01 Current time: 588 {
 INFO2(core  ):  }
 INFO2(core  ):  Current date: 2056-Dec-01 Current time: 589 {
 INFO2(core  ):  }
 INFO2(core  ):  Current date: 2057-Jan-01 Current time: 590 {
 INFO2(core  ):  }
 INFO2(core  ):  Current date: 2057-Feb-01 Current time: 591 {
 INFO2(core  ):  }
 INFO2(core  ):  Current date: 2057-Mar-01 Current time: 592 {
 INFO2(core  ):  }
 INFO2(core  ):  Current date: 2057-Apr-01 Current time: 593 {
 INFO2(core  ):  }
 INFO2(core  ):  Current date: 2057-May-01 Current time: 594 {
 INFO2(core  ):  }
 INFO2(core  ):  Current date: 2057-Jun-01 Current time: 595 {
 INFO2(core  ):  }
 INFO2(core  ):  Current date: 2057-Jul-01 Current time: 596 {
 INFO2(core  ):  }
 INFO2(core  ):  Current date: 2057-Aug-01 Current time: 597 {
 INFO2(core  ):  }
 INFO2(core  ):  Current date: 2057-Sep-01 Current time: 598 {
 INFO2(core  ):  }
 INFO2(core  ):  Current date: 2057-Oct-01 Current time: 599 {
 INFO2(core  ):  }
 INFO2(core  ):  Current date: 2057-Nov-01 Current time: 600 {
 INFO2(core  ):  }
 INFO2(core  ):  Current date: 2057-Dec-01 Current time: 601 {
 INFO2(core  ):  }
 INFO2(core  ):  Current date: 2058-Jan-01 Current time: 602 {
 INFO2(core  ):  }
 INFO2(core  ):  Current date: 2058-Feb-01 Current time: 603 {
 INFO2(core  ):  }
 INFO2(core  ):  Current date: 2058-Mar-01 Current time: 604 {
 INFO2(core  ):  }
 INFO2(core  ):  Current date: 2058-Apr-01 Current time: 605 {
 INFO2(core  ):  }
 INFO2(core  ):  Current date: 2058-May-01 Current time: 606 {
 INFO2(core  ):  }
 INFO2(core  ):  Current date: 2058-Jun-01 Current time: 607 {
 INFO2(core  ):  }
 INFO2(core  ):  Current date: 2058-Jul-01 Current time: 608 {
 INFO2(core  ):  }
 INFO2(core  ):  Current date: 2058-Aug-01 Current time: 609 {
 INFO2(core  ):  }
 INFO2(core  ):  Current date: 2058-Sep-01 Current time: 610 {
 INFO2(core  ):  }
 INFO2(core  ):  Current date: 2058-Oct-01 Current time: 611 {
 INFO2(core  ):  }
 INFO2(core  ):  Current date: 2058-Nov-01 Current time: 612 {
 INFO2(core  ):  }
 INFO2(core  ):  Current date: 2058-Dec-01 Current time: 613 {
 INFO2(core  ):  }
 INFO2(core  ):  Current date: 2059-Jan-01 Current time: 614 {
 INFO2(core  ):  }
 INFO2(core  ):  Current date: 2059-Feb-01 Current time: 615 {
 INFO2(core  ):  }
 INFO2(core  ):  Current date: 2059-Mar-01 Current time: 616 {
 INFO2(core  ):  }
 INFO2(core  ):  Current date: 2059-Apr-01 Current time: 617 {
 INFO2(core  ):  }
 INFO2(core  ):  Current date: 2059-May-01 Current time: 618 {
 INFO2(core  ):  }
 INFO2(core  ):  Current date: 2059-Jun-01 Current time: 619 {
 INFO2(core  ):  }
 INFO2(core  ):  Current date: 2059-Jul-01 Current time: 620 {
 INFO2(core  ):  }
 INFO2(core  ):  Current date: 2059-Aug-01 Current time: 621 {
 INFO2(core  ):  }
 INFO2(core  ):  Current date: 2059-Sep-01 Current time: 622 {
 INFO2(core  ):  }
 INFO2(core  ):  Current date: 2059-Oct-01 Current time: 623 {
 INFO2(core  ):  }
 INFO2(core  ):  Current date: 2059-Nov-01 Current time: 624 {
 INFO2(core  ):  }
 INFO2(core  ):  Current date: 2059-Dec-01 Current time: 625 {
 INFO2(core  ):  }
 INFO2(core  ):  Current date: 2060-Jan-01 Current time: 626 {
 INFO2(core  ):  }
 INFO2(core  ):  Current date: 2060-Feb-01 Current time: 627 {
 INFO2(core  ):  }
 INFO2(core  ):  Current date: 2060-Mar-01 Current time: 628 {
 INFO2(core  ):  }
 INFO2(core  ):  Current date: 2060-Apr-01 Current time: 629 {
 INFO2(core  ):  }
 INFO2(core  ):  Current date: 2060-May-01 Current time: 630 {
 INFO2(core  ):  }
 INFO2(core  ):  Current date: 2060-Jun-01 Current time: 631 {
 INFO2(core  ):  }
 INFO2(core  ):  Current date: 2060-Jul-01 Current time: 632 {
 INFO2(core  ):  }
 INFO2(core  ):  Current date: 2060-Aug-01 Current time: 633 {
 INFO2(core  ):  }
 INFO2(core  ):  Current date: 2060-Sep-01 Current time: 634 {
 INFO2(core  ):  }
 INFO2(core  ):  Current date: 2060-Oct-01 Current time: 635 {
 INFO2(core  ):  }
 INFO2(core  ):  Current date: 2060-Nov-01 Current time: 636 {
 INFO2(core  ):  }
 INFO2(core  ):  Current date: 2060-Dec-01 Current time: 637 {
 INFO2(core  ):  }
 INFO2(core  ):  Current date: 2061-Jan-01 Current time: 638 {
 INFO2(core  ):  }
 INFO2(core  ):  Current date: 2061-Feb-01 Current time: 639 {
 INFO2(core  ):  }
 INFO2(core  ):  Current date: 2061-Mar-01 Current time: 640 {
 INFO2(core  ):  }
 INFO2(core  ):  Current date: 2061-Apr-01 Current time: 641 {
 INFO2(core  ):  }
 INFO2(core  ):  Current date: 2061-May-01 Current time: 642 {
 INFO2(core  ):  }
 INFO2(core  ):  Current date: 2061-Jun-01 Current time: 643 {
 INFO2(core  ):  }
 INFO2(core  ):  Current date: 2061-Jul-01 Current time: 644 {
 INFO2(core  ):  }
 INFO2(core  ):  Current date: 2061-Aug-01 Current time: 645 {
 INFO2(core  ):  }
 INFO2(core  ):  Current date: 2061-Sep-01 Current time: 646 {
 INFO2(core  ):  }
 INFO2(core  ):  Current date: 2061-Oct-01 Current time: 647 {
 INFO2(core  ):  }
 INFO2(core  ):  Current date: 2061-Nov-01 Current time: 648 {
 INFO2(core  ):  }
 INFO2(core  ):  Current date: 2061-Dec-01 Current time: 649 {
 INFO2(core  ):  }
 INFO2(core  ):  Current date: 2062-Jan-01 Current time: 650 {
 INFO2(core  ):  }
 INFO2(core  ):  Current date: 2062-Feb-01 Current time: 651 {
 INFO2(core  ):  }
 INFO2(core  ):  Current date: 2062-Mar-01 Current time: 652 {
 INFO2(core  ):  }
 INFO2(core  ):  Current date: 2062-Apr-01 Current time: 653 {
 INFO2(core  ):  }
 INFO2(core  ):  Current date: 2062-May-01 Current time: 654 {
 INFO2(core  ):  }
 INFO2(core  ):  Current date: 2062-Jun-01 Current time: 655 {
 INFO2(core  ):  }
 INFO2(core  ):  Current date: 2062-Jul-01 Current time: 656 {
 INFO2(core  ):  }
 INFO2(core  ):  Current date: 2062-Aug-01 Current time: 657 {
 INFO2(core  ):  }
 INFO2(core  ):  Current date: 2062-Sep-01 Current time: 658 {
 INFO2(core  ):  }
 INFO2(core  ):  Current date: 2062-Oct-01 Current time: 659 {
 INFO2(core  ):  }
 INFO2(core  ):  Current date: 2062-Nov-01 Current time: 660 {
 INFO2(core  ):  }
 INFO2(core  ):  Current date: 2062-Dec-01 Current time: 661 {
 INFO2(core  ):  }
 INFO2(core  ):  Current date: 2063-Jan-01 Current time: 662 {
 INFO2(core  ):  }
 INFO2(core  ):  Current date: 2063-Feb-01 Current time: 663 {
 INFO2(core  ):  }
 INFO2(core  ):  Current date: 2063-Mar-01 Current time: 664 {
 INFO2(core  ):  }
 INFO2(core  ):  Current date: 2063-Apr-01 Current time: 665 {
 INFO2(core  ):  }
 INFO2(core  ):  Current date: 2063-May-01 Current time: 666 {
 INFO2(core  ):  }
 INFO2(core  ):  Current date: 2063-Jun-01 Current time: 667 {
 INFO2(core  ):  }
 INFO2(core  ):  Current date: 2063-Jul-01 Current time: 668 {
 INFO2(core  ):  }
 INFO2(core  ):  Current date: 2063-Aug-01 Current time: 669 {
 INFO2(core  ):  }
 INFO2(core  ):  Current date: 2063-Sep-01 Current time: 670 {
 INFO2(core  ):  }
 INFO2(core  ):  Current date: 2063-Oct-01 Current time: 671 {
 INFO2(core  ):  }
 INFO2(core  ):  Current date: 2063-Nov-01 Current time: 672 {
 INFO2(core  ):  }
 INFO2(core  ):  Current date: 2063-Dec-01 Current time: 673 {
 INFO2(core  ):  }
 INFO2(core  ):  Current date: 2064-Jan-01 Current time: 674 {
 INFO2(core  ):  }
 INFO2(core  ):  Current date: 2064-Feb-01 Current time: 675 {
 INFO2(core  ):  }
 INFO2(core  ):  Current date: 2064-Mar-01 Current time: 676 {
 INFO2(core  ):  }
 INFO2(core  ):  Current date: 2064-Apr-01 Current time: 677 {
 INFO2(core  ):  }
 INFO2(core  ):  Current date: 2064-May-01 Current time: 678 {
 INFO2(core  ):  }
 INFO2(core  ):  Current date: 2064-Jun-01 Current time: 679 {
 INFO2(core  ):  }
 INFO2(core  ):  Current date: 2064-Jul-01 Current time: 680 {
 INFO2(core  ):  }
 INFO2(core  ):  Current date: 2064-Aug-01 Current time: 681 {
 INFO2(core  ):  }
 INFO2(core  ):  Current date: 2064-Sep-01 Current time: 682 {
 INFO2(core  ):  }
 INFO2(core  ):  Current date: 2064-Oct-01 Current time: 683 {
 INFO2(core  ):  }
 INFO2(core  ):  Current date: 2064-Nov-01 Current time: 684 {
 INFO2(core  ):  }
 INFO2(core  ):  Current date: 2064-Dec-01 Current time: 685 {
 INFO2(core  ):  }
 INFO2(core  ):  Current date: 2065-Jan-01 Current time: 686 {
 INFO2(core  ):  }
 INFO2(core  ):  Current date: 2065-Feb-01 Current time: 687 {
 INFO2(core  ):  }
 INFO2(core  ):  Current date: 2065-Mar-01 Current time: 688 {
 INFO2(core  ):  }
 INFO2(core  ):  Current date: 2065-Apr-01 Current time: 689 {
 INFO2(core  ):  }
 INFO2(core  ):  Current date: 2065-May-01 Current time: 690 {
 INFO2(core  ):  }
 INFO2(core  ):  Current date: 2065-Jun-01 Current time: 691 {
 INFO2(core  ):  }
 INFO2(core  ):  Current date: 2065-Jul-01 Current time: 692 {
 INFO2(core  ):  }
 INFO2(core  ):  Current date: 2065-Aug-01 Current time: 693 {
 INFO2(core  ):  }
 INFO2(core  ):  Current date: 2065-Sep-01 Current time: 694 {
 INFO2(core  ):  }
 INFO2(core  ):  Current date: 2065-Oct-01 Current time: 695 {
 INFO2(core  ):  }
 INFO2(core  ):  Current date: 2065-Nov-01 Current time: 696 {
 INFO2(core  ):  }
 INFO2(core  ):  Current date: 2065-Dec-01 Current time: 697 {
 INFO2(core  ):  }
 INFO2(core  ):  Current date: 2066-Jan-01 Current time: 698 {
 INFO2(core  ):  }
 INFO2(core  ):  Current date: 2066-Feb-01 Current time: 699 {
 INFO2(core  ):  }
 INFO2(core  ):  Current date: 2066-Mar-01 Current time: 700 {
 INFO2(core  ):  }
 INFO2(core  ):  Current date: 2066-Apr-01 Current time: 701 {
 INFO2(core  ):  }
 INFO2(core  ):  Current date: 2066-May-01 Current time: 702 {
 INFO2(core  ):  }
 INFO2(core  ):  Current date: 2066-Jun-01 Current time: 703 {
 INFO2(core  ):  }
 INFO2(core  ):  Current date: 2066-Jul-01 Current time: 704 {
 INFO2(core  ):  }
 INFO2(core  ):  Current date: 2066-Aug-01 Current time: 705 {
 INFO2(core  ):  }
 INFO2(core  ):  Current date: 2066-Sep-01 Current time: 706 {
 INFO2(core  ):  }
 INFO2(core  ):  Current date: 2066-Oct-01 Current time: 707 {
 INFO2(core  ):  }
 INFO2(core  ):  Current date: 2066-Nov-01 Current time: 708 {
 INFO2(core  ):  }
 INFO2(core  ):  Current date: 2066-Dec-01 Current time: 709 {
 INFO2(core  ):  }
 INFO2(core  ):  Current date: 2067-Jan-01 Current time: 710 {
 INFO2(core  ):  }
 INFO2(core  ):  Current date: 2067-Feb-01 Current time: 711 {
 INFO2(core  ):  }
 INFO2(core  ):  Current date: 2067-Mar-01 Current time: 712 {
 INFO2(core  ):  }
 INFO2(core  ):  Current date: 2067-Apr-01 Current time: 713 {
 INFO2(core  ):  }
 INFO2(core  ):  Current date: 2067-May-01 Current time: 714 {
 INFO2(core  ):  }
 INFO2(core  ):  Current date: 2067-Jun-01 Current time: 715 {
 INFO2(core  ):  }
 INFO2(core  ):  Current date: 2067-Jul-01 Current time: 716 {
 INFO2(core  ):  }
 INFO2(core  ):  Current date: 2067-Aug-01 Current time: 717 {
 INFO2(core  ):  }
 INFO2(core  ):  Current date: 2067-Sep-01 Current time: 718 {
 INFO2(core  ):  }
 INFO2(core  ):  Current date: 2067-Oct-01 Current time: 719 {
 INFO2(core  ):  }
 INFO2(core  ):  Current date: 2067-Nov-01 Current time: 720 {
 INFO2(core  ):  }
 INFO2(core  ):  Current date: 2067-Dec-01 Current time: 721 {
 INFO2(core  ):  }
 INFO2(core  ):  Current date: 2068-Jan-01 Current time: 722 {
 INFO2(core  ):  }
 INFO2(core  ):  Current date: 2068-Feb-01 Current time: 723 {
 INFO2(core  ):  }
 INFO2(core  ):  Current date: 2068-Mar-01 Current time: 724 {
 INFO2(core  ):  }
 INFO2(core  ):  Current date: 2068-Apr-01 Current time: 725 {
 INFO2(core  ):  }
 INFO2(core  ):  Current date: 2068-May-01 Current time: 726 {
 INFO2(core  ):  }
 INFO2(core  ):  Current date: 2068-Jun-01 Current time: 727 {
 INFO2(core  ):  }
 INFO2(core  ):  Current date: 2068-Jul-01 Current time: 728 {
 INFO2(core  ):  }
 INFO2(core  ):  Current date: 2068-Aug-01 Current time: 729 {
 INFO2(core  ):  }
 INFO2(core  ):  Current date: 2068-Sep-01 Current time: 730 {
 INFO2(core  ):  }
 INFO2(core  ):  Current date: 2068-Oct-01 Current time: 731 {
 INFO2(core  ):  }
 INFO2(core  ):  Current date: 2068-Nov-01 Current time: 732 {
 INFO2(core  ):  }
 INFO2(core  ):  Current date: 2068-Dec-01 Current time: 733 {
 INFO2(core  ):  }
 INFO2(core  ):  Current date: 2069-Jan-01 Current time: 734 {
 INFO2(core  ):  }
 INFO2(core  ):  Current date: 2069-Feb-01 Current time: 735 {
 INFO2(core  ):  }
 INFO2(core  ):  Current date: 2069-Mar-01 Current time: 736 {
 INFO2(core  ):  }
 INFO2(core  ):  Current date: 2069-Apr-01 Current time: 737 {
 INFO2(core  ):  }
 INFO2(core  ):  Current date: 2069-May-01 Current time: 738 {
 INFO2(core  ):  }
 INFO2(core  ):  Current date: 2069-Jun-01 Current time: 739 {
 INFO2(core  ):  }
 INFO2(core  ):  Current date: 2069-Jul-01 Current time: 740 {
 INFO2(core  ):  }
 INFO2(core  ):  Current date: 2069-Aug-01 Current time: 741 {
 INFO2(core  ):  }
 INFO2(core  ):  Current date: 2069-Sep-01 Current time: 742 {
 INFO2(core  ):  }
 INFO2(core  ):  Current date: 2069-Oct-01 Current time: 743 {
 INFO2(core  ):  }
 INFO2(core  ):  Current date: 2069-Nov-01 Current time: 744 {
 INFO2(core  ):  }
 INFO2(core  ):  Current date: 2069-Dec-01 Current time: 745 {
 INFO2(core  ):  }
 INFO2(core  ):  Current date: 2070-Jan-01 Current time: 746 {
 INFO2(core  ):  }
 INFO2(core  ):  Current date: 2070-Feb-01 Current time: 747 {
 INFO2(core  ):  }
 INFO2(core  ):  Current date: 2070-Mar-01 Current time: 748 {
 INFO2(core  ):  }
 INFO2(core  ):  Current date: 2070-Apr-01 Current time: 749 {
 INFO2(core  ):  }
 INFO2(core  ):  Current date: 2070-May-01 Current time: 750 {
 INFO2(core  ):  }
 INFO2(core  ):  Current date: 2070-Jun-01 Current time: 751 {
 INFO2(core  ):  }
 INFO2(core  ):  Current date: 2070-Jul-01 Current time: 752 {
 INFO2(core  ):  }
 INFO2(core  ):  Current date: 2070-Aug-01 Current time: 753 {
 INFO2(core  ):  }
 INFO2(core  ):  Current date: 2070-Sep-01 Current time: 754 {
 INFO2(core  ):  }
 INFO2(core  ):  Current date: 2070-Oct-01 Current time: 755 {
 INFO2(core  ):  }
 INFO2(core  ):  Current date: 2070-Nov-01 Current time: 756 {
 INFO2(core  ):  }
 INFO2(core  ):  Current date: 2070-Dec-01 Current time: 757 {
 INFO2(core  ):  }
 INFO2(core  ):  Current date: 2071-Jan-01 Current time: 758 {
 INFO2(core  ):  }
 INFO2(core  ):  Current date: 2071-Feb-01 Current time: 759 {
 INFO2(core  ):  }
 INFO2(core  ):  Current date: 2071-Mar-01 Current time: 760 {
 INFO2(core  ):  }
 INFO2(core  ):  Current date: 2071-Apr-01 Current time: 761 {
 INFO2(core  ):  }
 INFO2(core  ):  Current date: 2071-May-01 Current time: 762 {
 INFO2(core  ):  }
 INFO2(core  ):  Current date: 2071-Jun-01 Current time: 763 {
 INFO2(core  ):  }
 INFO2(core  ):  Current date: 2071-Jul-01 Current time: 764 {
 INFO2(core  ):  }
 INFO2(core  ):  Current date: 2071-Aug-01 Current time: 765 {
 INFO2(core  ):  }
 INFO2(core  ):  Current date: 2071-Sep-01 Current time: 766 {
 INFO2(core  ):  }
 INFO2(core  ):  Current date: 2071-Oct-01 Current time: 767 {
 INFO2(core  ):  }
 INFO2(core  ):  Current date: 2071-Nov-01 Current time: 768 {
 INFO2(core  ):  }
 INFO2(core  ):  Current date: 2071-Dec-01 Current time: 769 {
 INFO2(core  ):  }
 INFO2(core  ):  Current date: 2072-Jan-01 Current time: 770 {
 INFO2(core  ):  }
 INFO2(core  ):  Current date: 2072-Feb-01 Current time: 771 {
 INFO2(core  ):  }
 INFO2(core  ):  Current date: 2072-Mar-01 Current time: 772 {
 INFO2(core  ):  }
 INFO2(core  ):  Current date: 2072-Apr-01 Current time: 773 {
 INFO2(core  ):  }
 INFO2(core  ):  Current date: 2072-May-01 Current time: 774 {
 INFO2(core  ):  }
 INFO2(core  ):  Current date: 2072-Jun-01 Current time: 775 {
 INFO2(core  ):  }
 INFO2(core  ):  Current date: 2072-Jul-01 Current time: 776 {
 INFO2(core  ):  }
 INFO2(core  ):  Current date: 2072-Aug-01 Current time: 777 {
 INFO2(core  ):  }
 INFO2(core  ):  Current date: 2072-Sep-01 Current time: 778 {
 INFO2(core  ):  }
 INFO2(core  ):  Current date: 2072-Oct-01 Current time: 779 {
 INFO2(core  ):  }
 INFO2(core  ):  Current date: 2072-Nov-01 Current time: 780 {
 INFO2(core  ):  }
 INFO2(core  ):  Current date: 2072-Dec-01 Current time: 781 {
 INFO2(core  ):  }
 INFO2(core  ):  Current date: 2073-Jan-01 Current time: 782 {
 INFO2(core  ):  }
 INFO2(core  ):  Current date: 2073-Feb-01 Current time: 783 {
 INFO2(core  ):  }
 INFO2(core  ):  Current date: 2073-Mar-01 Current time: 784 {
 INFO2(core  ):  }
 INFO2(core  ):  Current date: 2073-Apr-01 Current time: 785 {
 INFO2(core  ):  }
 INFO2(core  ):  Current date: 2073-May-01 Current time: 786 {
 INFO2(core  ):  }
 INFO2(core  ):  Current date: 2073-Jun-01 Current time: 787 {
 INFO2(core  ):  }
 INFO2(core  ):  Current date: 2073-Jul-01 Current time: 788 {
 INFO2(core  ):  }
 INFO2(core  ):  Current date: 2073-Aug-01 Current time: 789 {
 INFO2(core  ):  }
 INFO2(core  ):  Current date: 2073-Sep-01 Current time: 790 {
 INFO2(core  ):  }
 INFO2(core  ):  Current date: 2073-Oct-01 Current time: 791 {
 INFO2(core  ):  }
 INFO2(core  ):  Current date: 2073-Nov-01 Current time: 792 {
 INFO2(core  ):  }
 INFO2(core  ):  Current date: 2073-Dec-01 Current time: 793 {
 INFO2(core  ):  }
 INFO2(core  ):  Current date: 2074-Jan-01 Current time: 794 {
 INFO2(core  ):  }
 INFO2(core  ):  Current date: 2074-Feb-01 Current time: 795 {
 INFO2(core  ):  }
 INFO2(core  ):  Current date: 2074-Mar-01 Current time: 796 {
 INFO2(core  ):  }
 INFO2(core  ):  Current date: 2074-Apr-01 Current time: 797 {
 INFO2(core  ):  }
 INFO2(core  ):  Current date: 2074-May-01 Current time: 798 {
 INFO2(core  ):  }
 INFO2(core  ):  Current date: 2074-Jun-01 Current time: 799 {
 INFO2(core  ):  }
 INFO2(core  ):  Current date: 2074-Jul-01 Current time: 800 {
 INFO2(core  ):  }
 INFO2(core  ):  Current date: 2074-Aug-01 Current time: 801 {
 INFO2(core  ):  }
 INFO2(core  ):  Current date: 2074-Sep-01 Current time: 802 {
 INFO2(core  ):  }
 INFO2(core  ):  Current date: 2074-Oct-01 Current time: 803 {
 INFO2(core  ):  }
 INFO2(core  ):  Current date: 2074-Nov-01 Current time: 804 {
 INFO2(core  ):  }
 INFO2(core  ):  Current date: 2074-Dec-01 Current time: 805 {
 INFO2(core  ):  }
 INFO2(core  ):  Current date: 2075-Jan-01 Current time: 806 {
 INFO2(core  ):  }
 INFO2(core  ):  Current date: 2075-Feb-01 Current time: 807 {
 INFO2(core  ):  }
 INFO2(core  ):  Current date: 2075-Mar-01 Current time: 808 {
 INFO2(core  ):  }
 INFO2(core  ):  Current date: 2075-Apr-01 Current time: 809 {
 INFO2(core  ):  }
 INFO2(core  ):  Current date: 2075-May-01 Current time: 810 {
 INFO2(core  ):  }
 INFO2(core  ):  Current date: 2075-Jun-01 Current time: 811 {
 INFO2(core  ):  }
 INFO2(core  ):  Current date: 2075-Jul-01 Current time: 812 {
 INFO2(core  ):  }
 INFO2(core  ):  Current date: 2075-Aug-01 Current time: 813 {
 INFO2(core  ):  }
 INFO2(core  ):  Current date: 2075-Sep-01 Current time: 814 {
 INFO2(core  ):  }
 INFO2(core  ):  Current date: 2075-Oct-01 Current time: 815 {
 INFO2(core  ):  }
 INFO2(core  ):  Current date: 2075-Nov-01 Current time: 816 {
 INFO2(core  ):  }
 INFO2(core  ):  Current date: 2075-Dec-01 Current time: 817 {
 INFO2(core  ):  }
 INFO2(core  ):  Current date: 2076-Jan-01 Current time: 818 {
 INFO2(core  ):  }
 INFO2(core  ):  Current date: 2076-Feb-01 Current time: 819 {
 INFO2(core  ):  }
 INFO2(core  ):  Current date: 2076-Mar-01 Current time: 820 {
 INFO2(core  ):  }
 INFO2(core  ):  Current date: 2076-Apr-01 Current time: 821 {
 INFO2(core  ):  }
 INFO2(core  ):  Current date: 2076-May-01 Current time: 822 {
 INFO2(core  ):  }
 INFO2(core  ):  Current date: 2076-Jun-01 Current time: 823 {
 INFO2(core  ):  }
 INFO2(core  ):  Current date: 2076-Jul-01 Current time: 824 {
 INFO2(core  ):  }
 INFO2(core  ):  Current date: 2076-Aug-01 Current time: 825 {
 INFO2(core  ):  }
 INFO2(core  ):  Current date: 2076-Sep-01 Current time: 826 {
 INFO2(core  ):  }
 INFO2(core  ):  Current date: 2076-Oct-01 Current time: 827 {
 INFO2(core  ):  }
 INFO2(core  ):  Current date: 2076-Nov-01 Current time: 828 {
 INFO2(core  ):  }
 INFO2(core  ):  Current date: 2076-Dec-01 Current time: 829 {
 INFO2(core  ):  }
 INFO2(core  ):  Current date: 2077-Jan-01 Current time: 830 {
 INFO2(core  ):  }
 INFO2(core  ):  Current date: 2077-Feb-01 Current time: 831 {
 INFO2(core  ):  }
 INFO2(core  ):  Current date: 2077-Mar-01 Current time: 832 {
 INFO2(core  ):  }
 INFO2(core  ):  Current date: 2077-Apr-01 Current time: 833 {
 INFO2(core  ):  }
 INFO2(core  ):  Current date: 2077-May-01 Current time: 834 {
 INFO2(core  ):  }
 INFO2(core  ):  Current date: 2077-Jun-01 Current time: 835 {
 INFO2(core  ):  }
 INFO2(core  ):  Current date: 2077-Jul-01 Current time: 836 {
 INFO2(core  ):  }
 INFO2(core  ):  Current date: 2077-Aug-01 Current time: 837 {
 INFO2(core  ):  }
 INFO2(core  ):  Current date: 2077-Sep-01 Current time: 838 {
 INFO2(core  ):  }
 INFO2(core  ):  Current date: 2077-Oct-01 Current time: 839 {
 INFO2(core  ):  }
 INFO2(core  ):  Current date: 2077-Nov-01 Current time: 840 {
 INFO2(core  ):  }
 INFO2(core  ):  Current date: 2077-Dec-01 Current time: 841 {
 INFO2(core  ):  }
 INFO2(core  ):  Current date: 2078-Jan-01 Current time: 842 {
 INFO2(core  ):  }
 INFO2(core  ):  Current date: 2078-Feb-01 Current time: 843 {
 INFO2(core  ):  }
 INFO2(core  ):  Current date: 2078-Mar-01 Current time: 844 {
 INFO2(core  ):  }
 INFO2(core  ):  Current date: 2078-Apr-01 Current time: 845 {
 INFO2(core  ):  }
 INFO2(core  ):  Current date: 2078-May-01 Current time: 846 {
 INFO2(core  ):  }
 INFO2(core  ):  Current date: 2078-Jun-01 Current time: 847 {
 INFO2(core  ):  }
 INFO2(core  ):  Current date: 2078-Jul-01 Current time: 848 {
 INFO2(core  ):  }
 INFO2(core  ):  Current date: 2078-Aug-01 Current time: 849 {
 INFO2(core  ):  }
 INFO2(core  ):  Current date: 2078-Sep-01 Current time: 850 {
 INFO2(core  ):  }
 INFO2(core  ):  Current date: 2078-Oct-01 Current time: 851 {
 INFO2(core  ):  }
 INFO2(core  ):  Current date: 2078-Nov-01 Current time: 852 {
 INFO2(core  ):  }
 INFO2(core  ):  Current date: 2078-Dec-01 Current time: 853 {
 INFO2(core  ):  }
 INFO2(core  ):  Current date: 2079-Jan-01 Current time: 854 {
 INFO2(core  ):  }
 INFO2(core  ):  Current date: 2079-Feb-01 Current time: 855 {
 INFO2(core  ):  }
 INFO2(core  ):  Current date: 2079-Mar-01 Current time: 856 {
 INFO2(core  ):  }
 INFO2(core  ):  Current date: 2079-Apr-01 Current time: 857 {
 INFO2(core  ):  }
 INFO2(core  ):  Current date: 2079-May-01 Current time: 858 {
 INFO2(core  ):  }
 INFO2(core  ):  Current date: 2079-Jun-01 Current time: 859 {
 INFO2(core  ):  }
 INFO2(core  ):  Current date: 2079-Jul-01 Current time: 860 {
 INFO2(core  ):  }
 INFO2(core  ):  Current date: 2079-Aug-01 Current time: 861 {
 INFO2(core  ):  }
 INFO2(core  ):  Current date: 2079-Sep-01 Current time: 862 {
 INFO2(core  ):  }
 INFO2(core  ):  Current date: 2079-Oct-01 Current time: 863 {
 INFO2(core  ):  }
 INFO2(core  ):  Current date: 2079-Nov-01 Current time: 864 {
 INFO2(core  ):  }
 INFO2(core  ):  Current date: 2079-Dec-01 Current time: 865 {
 INFO2(core  ):  }
 INFO2(core  ):  Current date: 2080-Jan-01 Current time: 866 {
 INFO2(core  ):  }
 INFO2(core  ):  Current date: 2080-Feb-01 Current time: 867 {
 INFO2(core  ):  }
 INFO2(core  ):  Current date: 2080-Mar-01 Current time: 868 {
 INFO2(core  ):  }
 INFO2(core  ):  Current date: 2080-Apr-01 Current time: 869 {
 INFO2(core  ):  }
 INFO2(core  ):  Current date: 2080-May-01 Current time: 870 {
 INFO2(core  ):  }
 INFO2(core  ):  Current date: 2080-Jun-01 Current time: 871 {
 INFO2(core  ):  }
 INFO2(core  ):  Current date: 2080-Jul-01 Current time: 872 {
 INFO2(core  ):  }
 INFO2(core  ):  Current date: 2080-Aug-01 Current time: 873 {
 INFO2(core  ):  }
 INFO2(core  ):  Current date: 2080-Sep-01 Current time: 874 {
 INFO2(core  ):  }
 INFO2(core  ):  Current date: 2080-Oct-01 Current time: 875 {
 INFO2(core  ):  }
 INFO2(core  ):  Current date: 2080-Nov-01 Current time: 876 {
 INFO2(core  ):  }
 INFO2(core  ):  Current date: 2080-Dec-01 Current time: 877 {
 INFO2(core  ):  }
 INFO2(core  ):  Current date: 2081-Jan-01 Current time: 878 {
 INFO2(core  ):  }
 INFO2(core  ):  Current date: 2081-Feb-01 Current time: 879 {
 INFO2(core  ):  }
 INFO2(core  ):  Current date: 2081-Mar-01 Current time: 880 {
 INFO2(core  ):  }
 INFO2(core  ):  Current date: 2081-Apr-01 Current time: 881 {
 INFO2(core  ):  }
 INFO2(core  ):  Current date: 2081-May-01 Current time: 882 {
 INFO2(core  ):  }
 INFO2(core  ):  Current date: 2081-Jun-01 Current time: 883 {
 INFO2(core  ):  }
 INFO2(core  ):  Current date: 2081-Jul-01 Current time: 884 {
 INFO2(core  ):  }
 INFO2(core  ):  Current date: 2081-Aug-01 Current time: 885 {
 INFO2(core  ):  }
 INFO2(core  ):  Current date: 2081-Sep-01 Current time: 886 {
 INFO2(core  ):  }
 INFO2(core  ):  Current date: 2081-Oct-01 Current time: 887 {
 INFO2(core  ):  }
 INFO2(core  ):  Current date: 2081-Nov-01 Current time: 888 {
 INFO2(core  ):  }
 INFO2(core  ):  Current date: 2081-Dec-01 Current time: 889 {
 INFO2(core  ):  }
 INFO2(core  ):  Current date: 2082-Jan-01 Current time: 890 {
 INFO2(core  ):  }
 INFO2(core  ):  Current date: 2082-Feb-01 Current time: 891 {
 INFO2(core  ):  }
 INFO2(core  ):  Current date: 2082-Mar-01 Current time: 892 {
 INFO2(core  ):  }
 INFO2(core  ):  Current date: 2082-Apr-01 Current time: 893 {
 INFO2(core  ):  }
 INFO2(core  ):  Current date: 2082-May-01 Current time: 894 {
 INFO2(core  ):  }
 INFO2(core  ):  Current date: 2082-Jun-01 Current time: 895 {
 INFO2(core  ):  }
 INFO2(core  ):  Current date: 2082-Jul-01 Current time: 896 {
 INFO2(core  ):  }
 INFO2(core  ):  Current date: 2082-Aug-01 Current time: 897 {
 INFO2(core  ):  }
 INFO2(core  ):  Current date: 2082-Sep-01 Current time: 898 {
 INFO2(core  ):  }
 INFO2(core  ):  Current date: 2082-Oct-01 Current time: 899 {
 INFO2(core  ):  }
 INFO2(core  ):  Current date: 2082-Nov-01 Current time: 900 {
 INFO2(core  ):  }
 INFO2(core  ):  Current date: 2082-Dec-01 Current time: 901 {
 INFO2(core  ):  }
 INFO2(core  ):  Current date: 2083-Jan-01 Current time: 902 {
 INFO2(core  ):  }
 INFO2(core  ):  Current date: 2083-Feb-01 Current time: 903 {
 INFO2(core  ):  }
 INFO2(core  ):  Current date: 2083-Mar-01 Current time: 904 {
 INFO2(core  ):  }
 INFO2(core  ):  Current date: 2083-Apr-01 Current time: 905 {
 INFO2(core  ):  }
 INFO2(core  ):  Current date: 2083-May-01 Current time: 906 {
 INFO2(core  ):  }
 INFO2(core  ):  Current date: 2083-Jun-01 Current time: 907 {
 INFO2(core  ):  }
 INFO2(core  ):  Current date: 2083-Jul-01 Current time: 908 {
 INFO2(core  ):  }
 INFO2(core  ):  Current date: 2083-Aug-01 Current time: 909 {
 INFO2(core  ):  }
 INFO2(core  ):  Current date: 2083-Sep-01 Current time: 910 {
 INFO2(core  ):  }
 INFO2(core  ):  Current date: 2083-Oct-01 Current time: 911 {
 INFO2(core  ):  }
 INFO2(core  ):  Current date: 2083-Nov-01 Current time: 912 {
 INFO2(core  ):  }
 INFO2(core  ):  Current date: 2083-Dec-01 Current time: 913 {
 INFO2(core  ):  }
 INFO2(core  ):  Current date: 2084-Jan-01 Current time: 914 {
 INFO2(core  ):  }
 INFO2(core  ):  Current date: 2084-Feb-01 Current time: 915 {
 INFO2(core  ):  }
 INFO2(core  ):  Current date: 2084-Mar-01 Current time: 916 {
 INFO2(core  ):  }
 INFO2(core  ):  Current date: 2084-Apr-01 Current time: 917 {
 INFO2(core  ):  }
 INFO2(core  ):  Current date: 2084-May-01 Current time: 918 {
 INFO2(core  ):  }
 INFO2(core  ):  Current date: 2084-Jun-01 Current time: 919 {
 INFO2(core  ):  }
 INFO2(core  ):  Current date: 2084-Jul-01 Current time: 920 {
 INFO2(core  ):  }
 INFO2(core  ):  Current date: 2084-Aug-01 Current time: 921 {
 INFO2(core  ):  }
 INFO2(core  ):  Current date: 2084-Sep-01 Current time: 922 {
 INFO2(core  ):  }
 INFO2(core  ):  Current date: 2084-Oct-01 Current time: 923 {
 INFO2(core  ):  }
 INFO2(core  ):  Current date: 2084-Nov-01 Current time: 924 {
 INFO2(core  ):  }
 INFO2(core  ):  Current date: 2084-Dec-01 Current time: 925 {
 INFO2(core  ):  }
 INFO2(core  ):  Current date: 2085-Jan-01 Current time: 926 {
 INFO2(core  ):  }
 INFO2(core  ):  Current date: 2085-Feb-01 Current time: 927 {
 INFO2(core  ):  }
 INFO2(core  ):  Current date: 2085-Mar-01 Current time: 928 {
 INFO2(core  ):  }
 INFO2(core  ):  Current date: 2085-Apr-01 Current time: 929 {
 INFO2(core  ):  }
 INFO2(core  ):  Current date: 2085-May-01 Current time: 930 {
 INFO2(core  ):  }
 INFO2(core  ):  Current date: 2085-Jun-01 Current time: 931 {
 INFO2(core  ):  }
 INFO2(core  ):  Current date: 2085-Jul-01 Current time: 932 {
 INFO2(core  ):  }
 INFO2(core  ):  Current date: 2085-Aug-01 Current time: 933 {
 INFO2(core  ):  }
 INFO2(core  ):  Current date: 2085-Sep-01 Current time: 934 {
 INFO2(core  ):  }
 INFO2(core  ):  Current date: 2085-Oct-01 Current time: 935 {
 INFO2(core  ):  }
 INFO2(core  ):  Current date: 2085-Nov-01 Current time: 936 {
 INFO2(core  ):  }
 INFO2(core  ):  Current date: 2085-Dec-01 Current time: 937 {
 INFO2(core  ):  }
 INFO2(core  ):  Current date: 2086-Jan-01 Current time: 938 {
 INFO2(core  ):  }
 INFO2(core  ):  Current date: 2086-Feb-01 Current time: 939 {
 INFO2(core  ):  }
 INFO2(core  ):  Current date: 2086-Mar-01 Current time: 940 {
 INFO2(core  ):  }
 INFO2(core  ):  Current date: 2086-Apr-01 Current time: 941 {
 INFO2(core  ):  }
 INFO2(core  ):  Current date: 2086-May-01 Current time: 942 {
 INFO2(core  ):  }
 INFO2(core  ):  Current date: 2086-Jun-01 Current time: 943 {
 INFO2(core  ):  }
 INFO2(core  ):  Current date: 2086-Jul-01 Current time: 944 {
 INFO2(core  ):  }
 INFO2(core  ):  Current date: 2086-Aug-01 Current time: 945 {
 INFO2(core  ):  }
 INFO2(core  ):  Current date: 2086-Sep-01 Current time: 946 {
 INFO2(core  ):  }
 INFO2(core  ):  Current date: 2086-Oct-01 Current time: 947 {
 INFO2(core  ):  }
 INFO2(core  ):  Current date: 2086-Nov-01 Current time: 948 {
 INFO2(core  ):  }
 INFO2(core  ):  Current date: 2086-Dec-01 Current time: 949 {
 INFO2(core  ):  }
 INFO2(core  ):  Current date: 2087-Jan-01 Current time: 950 {
 INFO2(core  ):  }
 INFO2(core  ):  Current date: 2087-Feb-01 Current time: 951 {
 INFO2(core  ):  }
 INFO2(core  ):  Current date: 2087-Mar-01 Current time: 952 {
 INFO2(core  ):  }
 INFO2(core  ):  Current date: 2087-Apr-01 Current time: 953 {
 INFO2(core  ):  }
 INFO2(core  ):  Current date: 2087-May-01 Current time: 954 {
 INFO2(core  ):  }
 INFO2(core  ):  Current date: 2087-Jun-01 Current time: 955 {
 INFO2(core  ):  }
 INFO2(core  ):  Current date: 2087-Jul-01 Current time: 956 {
 INFO2(core  ):  }
 INFO2(core  ):  Current date: 2087-Aug-01 Current time: 957 {
 INFO2(core  ):  }
 INFO2(core  ):  Current date: 2087-Sep-01 Current time: 958 {
 INFO2(core  ):  }
 INFO2(core  ):  Current date: 2087-Oct-01 Current time: 959 {
 INFO2(core  ):  }
 INFO2(core  ):  Current date: 2087-Nov-01 Current time: 960 {
 INFO2(core  ):  }
 INFO2(core  ):  Current date: 2087-Dec-01 Current time: 961 {
 INFO2(core  ):  }
 INFO2(core  ):  Current date: 2088-Jan-01 Current time: 962 {
 INFO2(core  ):  }
 INFO2(core  ):  Current date: 2088-Feb-01 Current time: 963 {
 INFO2(core  ):  }
 INFO2(core  ):  Current date: 2088-Mar-01 Current time: 964 {
 INFO2(core  ):  }
 INFO2(core  ):  Current date: 2088-Apr-01 Current time: 965 {
 INFO2(core  ):  }
 INFO2(core  ):  Current date: 2088-May-01 Current time: 966 {
 INFO2(core  ):  }
 INFO2(core  ):  Current date: 2088-Jun-01 Current time: 967 {
 INFO2(core  ):  }
 INFO2(core  ):  Current date: 2088-Jul-01 Current time: 968 {
 INFO2(core  ):  }
 INFO2(core  ):  Current date: 2088-Aug-01 Current time: 969 {
 INFO2(core  ):  }
 INFO2(core  ):  Current date: 2088-Sep-01 Current time: 970 {
 INFO2(core  ):  }
 INFO2(core  ):  Current date: 2088-Oct-01 Current time: 971 {
 INFO2(core  ):  }
 INFO2(core  ):  Current date: 2088-Nov-01 Current time: 972 {
 INFO2(core  ):  }
 INFO2(core  ):  Current date: 2088-Dec-01 Current time: 973 {
 INFO2(core  ):  }
 INFO2(core  ):  Current date: 2089-Jan-01 Current time: 974 {
 INFO2(core  ):  }
 INFO2(core  ):  Current date: 2089-Feb-01 Current time: 975 {
 INFO2(core  ):  }
 INFO2(core  ):  Current date: 2089-Mar-01 Current time: 976 {
 INFO2(core  ):  }
 INFO2(core  ):  Current date: 2089-Apr-01 Current time: 977 {
 INFO2(core  ):  }
 INFO2(core  ):  Current date: 2089-May-01 Current time: 978 {
 INFO2(core  ):  }
 INFO2(core  ):  Current date: 2089-Jun-01 Current time: 979 {
 INFO2(core  ):  }
 INFO2(core  ):  Current date: 2089-Jul-01 Current time: 980 {
 INFO2(core  ):  }
 INFO2(core  ):  Current date: 2089-Aug-01 Current time: 981 {
 INFO2(core  ):  }
 INFO2(core  ):  Current date: 2089-Sep-01 Current time: 982 {
 INFO2(core  ):  }
 INFO2(core  ):  Current date: 2089-Oct-01 Current time: 983 {
 INFO2(core  ):  }
 INFO2(core  ):  Current date: 2089-Nov-01 Current time: 984 {
 INFO2(core  ):  }
 INFO2(core  ):  Current date: 2089-Dec-01 Current time: 985 {
 INFO2(core  ):  }
 INFO2(core  ):  Current date: 2090-Jan-01 Current time: 986 {
 INFO2(core  ):  }
 INFO2(core  ):  Current date: 2090-Feb-01 Current time: 987 {
 INFO2(core  ):  }
 INFO2(core  ):  Current date: 2090-Mar-01 Current time: 988 {
 INFO2(core  ):  }
 INFO2(core  ):  Current date: 2090-Apr-01 Current time: 989 {
 INFO2(core  ):  }
 INFO2(core  ):  Current date: 2090-May-01 Current time: 990 {
 INFO2(core  ):  }
 INFO2(core  ):  Current date: 2090-Jun-01 Current time: 991 {
 INFO2(core  ):  }
 INFO2(core  ):  Current date: 2090-Jul-01 Current time: 992 {
 INFO2(core  ):  }
 INFO2(core  ):  Current date: 2090-Aug-01 Current time: 993 {
 INFO2(core  ):  }
 INFO2(core  ):  Current date: 2090-Sep-01 Current time: 994 {
 INFO2(core  ):  }
 INFO2(core  ):  Current date: 2090-Oct-01 Current time: 995 {
 INFO2(core  ):  }
 INFO2(core  ):  Current date: 2090-Nov-01 Current time: 996 {
 INFO2(core  ):  }
 INFO2(core  ):  Current date: 2090-Dec-01 Current time: 997 {
 INFO2(core  ):  }
 INFO2(core  ):  Current date: 2091-Jan-01 Current time: 998 {
 INFO2(core  ):  }
 INFO2(core  ):  Current date: 2091-Feb-01 Current time: 999 {
 INFO2(core  ):  }
 INFO2(core  ):  Current date: 2091-Mar-01 Current time: 1000 {
 INFO2(core  ):  }
 INFO2(core  ):  Current date: 2091-Apr-01 Current time: 1001 {
 INFO2(core  ):  }
 INFO2(core  ):  Current date: 2091-May-01 Current time: 1002 {
 INFO2(core  ):  }
 INFO2(core  ):  Current date: 2091-Jun-01 Current time: 1003 {
 INFO2(core  ):  }
 INFO2(core  ):  Current date: 2091-Jul-01 Current time: 1004 {
 INFO2(core  ):  }
 INFO2(core  ):  Current date: 2091-Aug-01 Current time: 1005 {
 INFO2(core  ):  }
 INFO2(core  ):  Current date: 2091-Sep-01 Current time: 1006 {
 INFO2(core  ):  }
 INFO2(core  ):  Current date: 2091-Oct-01 Current time: 1007 {
 INFO2(core  ):  }
 INFO2(core  ):  Current date: 2091-Nov-01 Current time: 1008 {
 INFO2(core  ):  }
 INFO2(core  ):  Current date: 2091-Dec-01 Current time: 1009 {
 INFO2(core  ):  }
 INFO2(core  ):  Current date: 2092-Jan-01 Current time: 1010 {
 INFO2(core  ):  }
 INFO2(core  ):  Current date: 2092-Feb-01 Current time: 1011 {
 INFO2(core  ):  }
 INFO2(core  ):  Current date: 2092-Mar-01 Current time: 1012 {
 INFO2(core  ):  }
 INFO2(core  ):  Current date: 2092-Apr-01 Current time: 1013 {
 INFO2(core  ):  }
 INFO2(core  ):  Current date: 2092-May-01 Current time: 1014 {
 INFO2(core  ):  }
 INFO2(core  ):  Current date: 2092-Jun-01 Current time: 1015 {
 INFO2(core  ):  }
 INFO2(core  ):  Current date: 2092-Jul-01 Current time: 1016 {
 INFO2(core  ):  }
 INFO2(core  ):  Current date: 2092-Aug-01 Current time: 1017 {
 INFO2(core  ):  }
 INFO2(core  ):  Current date: 2092-Sep-01 Current time: 1018 {
 INFO2(core  ):  }
 INFO2(core  ):  Current date: 2092-Oct-01 Current time: 1019 {
 INFO2(core  ):  }
 INFO2(core  ):  Current date: 2092-Nov-01 Current time: 1020 {
 INFO2(core  ):  }
 INFO2(core  ):  Current date: 2092-Dec-01 Current time: 1021 {
 INFO2(core  ):  }
 INFO2(core  ):  Current date: 2093-Jan-01 Current time: 1022 {
 INFO2(core  ):  }
 INFO2(core  ):  Current date: 2093-Feb-01 Current time: 1023 {
 INFO2(core  ):  }
 INFO2(core  ):  Current date: 2093-Mar-01 Current time: 1024 {
 INFO2(core  ):  }
 INFO2(core  ):  Current date: 2093-Apr-01 Current time: 1025 {
 INFO2(core  ):  }
 INFO2(core  ):  Current date: 2093-May-01 Current time: 1026 {
 INFO2(core  ):  }
 INFO2(core  ):  Current date: 2093-Jun-01 Current time: 1027 {
 INFO2(core  ):  }
 INFO2(core  ):  Current date: 2093-Jul-01 Current time: 1028 {
 INFO2(core  ):  }
 INFO2(core  ):  Current date: 2093-Aug-01 Current time: 1029 {
 INFO2(core  ):  }
 INFO2(core  ):  Current date: 2093-Sep-01 Current time: 1030 {
 INFO2(core  ):  }
 INFO2(core  ):  Current date: 2093-Oct-01 Current time: 1031 {
 INFO2(core  ):  }
 INFO2(core  ):  Current date: 2093-Nov-01 Current time: 1032 {
 INFO2(core  ):  }
 INFO2(core  ):  Current date: 2093-Dec-01 Current time: 1033 {
 INFO2(core  ):  }
 INFO2(core  ):  Current date: 2094-Jan-01 Current time: 1034 {
 INFO2(core  ):  }
 INFO2(core  ):  Current date: 2094-Feb-01 Current time: 1035 {
 INFO2(core  ):  }
 INFO2(core  ):  Current date: 2094-Mar-01 Current time: 1036 {
 INFO2(core  ):  }
 INFO2(core  ):  Current date: 2094-Apr-01 Current time: 1037 {
 INFO2(core  ):  }
 INFO2(core  ):  Current date: 2094-May-01 Current time: 1038 {
 INFO2(core  ):  }
 INFO2(core  ):  Current date: 2094-Jun-01 Current time: 1039 {
 INFO2(core  ):  }
 INFO2(core  ):  Current date: 2094-Jul-01 Current time: 1040 {
 INFO2(core  ):  }
 INFO2(core  ):  Current date: 2094-Aug-01 Current time: 1041 {
 INFO2(core  ):  }
 INFO2(core  ):  Current date: 2094-Sep-01 Current time: 1042 {
 INFO2(core  ):  }
 INFO2(core  ):  Current date: 2094-Oct-01 Current time: 1043 {
 INFO2(core  ):  }
 INFO2(core  ):  Current date: 2094-Nov-01 Current time: 1044 {
 INFO2(core  ):  }
 INFO2(core  ):  Current date: 2094-Dec-01 Current time: 1045 {
 INFO2(core  ):  }
 INFO2(core  ):  Current date: 2095-Jan-01 Current time: 1046 {
 INFO2(core  ):  }
 INFO2(core  ):  Current date: 2095-Feb-01 Current time: 1047 {
 INFO2(core  ):  }
 INFO2(core  ):  Current date: 2095-Mar-01 Current time: 1048 {
 INFO2(core  ):  }
 INFO2(core  ):  Current date: 2095-Apr-01 Current time: 1049 {
 INFO2(core  ):  }
 INFO2(core  ):  Current date: 2095-May-01 Current time: 1050 {
 INFO2(core  ):  }
 INFO2(core  ):  Current date: 2095-Jun-01 Current time: 1051 {
 INFO2(core  ):  }
 INFO2(core  ):  Current date: 2095-Jul-01 Current time: 1052 {
 INFO2(core  ):  }
 INFO2(core  ):  Current date: 2095-Aug-01 Current time: 1053 {
 INFO2(core  ):  }
 INFO2(core  ):  Current date: 2095-Sep-01 Current time: 1054 {
 INFO2(core  ):  }
 INFO2(core  ):  Current date: 2095-Oct-01 Current time: 1055 {
 INFO2(core  ):  }
 INFO2(core  ):  Current date: 2095-Nov-01 Current time: 1056 {
 INFO2(core  ):  }
 INFO2(core  ):  Current date: 2095-Dec-01 Current time: 1057 {
 INFO2(core  ):  }
 INFO2(core  ):  Current date: 2096-Jan-01 Current time: 1058 {
 INFO2(core  ):  }
 INFO2(core  ):  Current date: 2096-Feb-01 Current time: 1059 {
 INFO2(core  ):  }
 INFO2(core  ):  Current date: 2096-Mar-01 Current time: 1060 {
 INFO2(core  ):  }
 INFO2(core  ):  Current date: 2096-Apr-01 Current time: 1061 {
 INFO2(core  ):  }
 INFO2(core  ):  Current date: 2096-May-01 Current time: 1062 {
 INFO2(core  ):  }
 INFO2(core  ):  Current date: 2096-Jun-01 Current time: 1063 {
 INFO2(core  ):  }
 INFO2(core  ):  Current date: 2096-Jul-01 Current time: 1064 {
 INFO2(core  ):  }
 INFO2(core  ):  Current date: 2096-Aug-01 Current time: 1065 {
 INFO2(core  ):  }
 INFO2(core  ):  Current date: 2096-Sep-01 Current time: 1066 {
 INFO2(core  ):  }
 INFO2(core  ):  Current date: 2096-Oct-01 Current time: 1067 {
 INFO2(core  ):  }
 INFO2(core  ):  Current date: 2096-Nov-01 Current time: 1068 {
 INFO2(core  ):  }
 INFO2(core  ):  Current date: 2096-Dec-01 Current time: 1069 {
 INFO2(core  ):  }
 INFO2(core  ):  Current date: 2097-Jan-01 Current time: 1070 {
 INFO2(core  ):  }
 INFO2(core  ):  Current date: 2097-Feb-01 Current time: 1071 {
 INFO2(core  ):  }
 INFO2(core  ):  Current date: 2097-Mar-01 Current time: 1072 {
 INFO2(core  ):  }
 INFO2(core  ):  Current date: 2097-Apr-01 Current time: 1073 {
 INFO2(core  ):  }
 INFO2(core  ):  Current date: 2097-May-01 Current time: 1074 {
 INFO2(core  ):  }
 INFO2(core  ):  Current date: 2097-Jun-01 Current time: 1075 {
 INFO2(core  ):  }
 INFO2(core  ):  Current date: 2097-Jul-01 Current time: 1076 {
 INFO2(core  ):  }
 INFO2(core  ):  Current date: 2097-Aug-01 Current time: 1077 {
 INFO2(core  ):  }
 INFO2(core  ):  Current date: 2097-Sep-01 Current time: 1078 {
 INFO2(core  ):  }
 INFO2(core  ):  Current date: 2097-Oct-01 Current time: 1079 {
 INFO2(core  ):  }
 INFO2(core  ):  Current date: 2097-Nov-01 Current time: 1080 {
 INFO2(core  ):  }
 INFO2(core  ):  Current date: 2097-Dec-01 Current time: 1081 {
 INFO2(core  ):  }
 INFO2(core  ):  Current date: 2098-Jan-01 Current time: 1082 {
 INFO2(core  ):  }
 INFO2(core  ):  Current date: 2098-Feb-01 Current time: 1083 {
 INFO2(core  ):  }
 INFO2(core  ):  Current date: 2098-Mar-01 Current time: 1084 {
 INFO2(core  ):  }
 INFO2(core  ):  Current date: 2098-Apr-01 Current time: 1085 {
 INFO2(core  ):  }
 INFO2(core  ):  Current date: 2098-May-01 Current time: 1086 {
 INFO2(core  ):  }
 INFO2(core  ):  Current date: 2098-Jun-01 Current time: 1087 {
 INFO2(core  ):  }
 INFO2(core  ):  Current date: 2098-Jul-01 Current time: 1088 {
 INFO2(core  ):  }
 INFO2(core  ):  Current date: 2098-Aug-01 Current time: 1089 {
 INFO2(core  ):  }
 INFO2(core  ):  Current date: 2098-Sep-01 Current time: 1090 {
 INFO2(core  ):  }
 INFO2(core  ):  Current date: 2098-Oct-01 Current time: 1091 {
 INFO2(core  ):  }
 INFO2(core  ):  Current date: 2098-Nov-01 Current time: 1092 {
 INFO2(core  ):  }
 INFO2(core  ):  Current date: 2098-Dec-01 Current time: 1093 {
 INFO2(core  ):  }
 INFO2(core  ):  Current date: 2099-Jan-01 Current time: 1094 {
 INFO2(core  ):  }
 INFO2(core  ):  Current date: 2099-Feb-01 Current time: 1095 {
 INFO2(core  ):  }
 INFO2(core  ):  Current date: 2099-Mar-01 Current time: 1096 {
 INFO2(core  ):  }
 INFO2(core  ):  Current date: 2099-Apr-01 Current time: 1097 {
 INFO2(core  ):  }
 INFO2(core  ):  Current date: 2099-May-01 Current time: 1098 {
 INFO2(core  ):  }
 INFO2(core  ):  Current date: 2099-Jun-01 Current time: 1099 {
 INFO2(core  ):  }
 INFO2(core  ):  Current date: 2099-Jul-01 Current time: 1100 {
 INFO2(core  ):  }
 INFO2(core  ):  Current date: 2099-Aug-01 Current time: 1101 {
 INFO2(core  ):  }
 INFO2(core  ):  Current date: 2099-Sep-01 Current time: 1102 {
 INFO2(core  ):  }
 INFO2(core  ):  Current date: 2099-Oct-01 Current time: 1103 {
 INFO2(core  ):  }
 INFO2(core  ):  Current date: 2099-Nov-01 Current time: 1104 {
 INFO2(core  ):  }
